apple1/apple1-000-000.png
apple1/apple1-022-000.png
apple1/apple1-022-090.png
apple1/apple1-022-180.png
apple1/apple1-022-270.png
apple1/apple1-035-045.png
apple1/apple1-035-135.png
apple1/apple1-035-225.png
apple1/apple1-035-315.png
apple1/apple1-045-000.png
apple1/apple1-045-090.png
apple1/apple1-045-180.png
apple1/apple1-045-270.png
apple1/apple1-066-027.png
apple1/apple1-066-063.png
apple1/apple1-066-117.png
apple1/apple1-066-153.png
apple1/apple1-066-207.png
apple1/apple1-066-243.png
apple1/apple1-066-297.png
apple1/apple1-066-333.png
apple1/apple1-068-000.png
apple1/apple1-068-090.png
apple1/apple1-068-180.png
apple1/apple1-068-270.png
apple1/apple1-090-000.png
apple1/apple1-090-022.png
apple1/apple1-090-045.png
apple1/apple1-090-068.png
apple1/apple1-090-090.png
apple1/apple1-090-112.png
apple1/apple1-090-135.png
apple1/apple1-090-158.png
apple1/apple1-090-180.png
apple1/apple1-090-202.png
apple1/apple1-090-225.png
apple1/apple1-090-248.png
apple1/apple1-090-270.png
apple1/apple1-090-292.png
apple1/apple1-090-315.png
apple1/apple1-090-338.png
apple10/apple10-000-000.png
apple10/apple10-022-000.png
apple10/apple10-022-090.png
apple10/apple10-022-180.png
apple10/apple10-022-270.png
apple10/apple10-035-045.png
apple10/apple10-035-135.png
apple10/apple10-035-225.png
apple10/apple10-035-315.png
apple10/apple10-045-000.png
apple10/apple10-045-090.png
apple10/apple10-045-180.png
apple10/apple10-045-270.png
apple10/apple10-066-027.png
apple10/apple10-066-063.png
apple10/apple10-066-117.png
apple10/apple10-066-153.png
apple10/apple10-066-207.png
apple10/apple10-066-243.png
apple10/apple10-066-297.png
apple10/apple10-066-333.png
apple10/apple10-068-000.png
apple10/apple10-068-090.png
apple10/apple10-068-180.png
apple10/apple10-068-270.png
apple10/apple10-090-000.png
apple10/apple10-090-022.png
apple10/apple10-090-045.png
apple10/apple10-090-068.png
apple10/apple10-090-090.png
apple10/apple10-090-112.png
apple10/apple10-090-135.png
apple10/apple10-090-158.png
apple10/apple10-090-180.png
apple10/apple10-090-202.png
apple10/apple10-090-225.png
apple10/apple10-090-248.png
apple10/apple10-090-270.png
apple10/apple10-090-292.png
apple10/apple10-090-315.png
apple10/apple10-090-338.png
apple2/apple2-000-000.png
apple2/apple2-022-000.png
apple2/apple2-022-090.png
apple2/apple2-022-180.png
apple2/apple2-022-270.png
apple2/apple2-035-045.png
apple2/apple2-035-135.png
apple2/apple2-035-225.png
apple2/apple2-035-315.png
apple2/apple2-045-000.png
apple2/apple2-045-090.png
apple2/apple2-045-180.png
apple2/apple2-045-270.png
apple2/apple2-066-027.png
apple2/apple2-066-063.png
apple2/apple2-066-117.png
apple2/apple2-066-153.png
apple2/apple2-066-207.png
apple2/apple2-066-243.png
apple2/apple2-066-297.png
apple2/apple2-066-333.png
apple2/apple2-068-000.png
apple2/apple2-068-090.png
apple2/apple2-068-180.png
apple2/apple2-068-270.png
apple2/apple2-090-000.png
apple2/apple2-090-022.png
apple2/apple2-090-045.png
apple2/apple2-090-068.png
apple2/apple2-090-090.png
apple2/apple2-090-112.png
apple2/apple2-090-135.png
apple2/apple2-090-158.png
apple2/apple2-090-180.png
apple2/apple2-090-202.png
apple2/apple2-090-225.png
apple2/apple2-090-248.png
apple2/apple2-090-270.png
apple2/apple2-090-292.png
apple2/apple2-090-315.png
apple2/apple2-090-338.png
apple3/apple3-000-000.png
apple3/apple3-022-000.png
apple3/apple3-022-090.png
apple3/apple3-022-180.png
apple3/apple3-022-270.png
apple3/apple3-035-045.png
apple3/apple3-035-135.png
apple3/apple3-035-225.png
apple3/apple3-035-315.png
apple3/apple3-045-000.png
apple3/apple3-045-090.png
apple3/apple3-045-180.png
apple3/apple3-045-270.png
apple3/apple3-066-027.png
apple3/apple3-066-063.png
apple3/apple3-066-117.png
apple3/apple3-066-153.png
apple3/apple3-066-207.png
apple3/apple3-066-243.png
apple3/apple3-066-297.png
apple3/apple3-066-333.png
apple3/apple3-068-000.png
apple3/apple3-068-090.png
apple3/apple3-068-180.png
apple3/apple3-068-270.png
apple3/apple3-090-000.png
apple3/apple3-090-022.png
apple3/apple3-090-045.png
apple3/apple3-090-068.png
apple3/apple3-090-090.png
apple3/apple3-090-112.png
apple3/apple3-090-135.png
apple3/apple3-090-158.png
apple3/apple3-090-180.png
apple3/apple3-090-202.png
apple3/apple3-090-225.png
apple3/apple3-090-248.png
apple3/apple3-090-270.png
apple3/apple3-090-292.png
apple3/apple3-090-315.png
apple3/apple3-090-338.png
apple4/apple4-000-000.png
apple4/apple4-022-000.png
apple4/apple4-022-090.png
apple4/apple4-022-180.png
apple4/apple4-022-270.png
apple4/apple4-035-045.png
apple4/apple4-035-135.png
apple4/apple4-035-225.png
apple4/apple4-035-315.png
apple4/apple4-045-000.png
apple4/apple4-045-090.png
apple4/apple4-045-180.png
apple4/apple4-045-270.png
apple4/apple4-066-027.png
apple4/apple4-066-063.png
apple4/apple4-066-117.png
apple4/apple4-066-153.png
apple4/apple4-066-207.png
apple4/apple4-066-243.png
apple4/apple4-066-297.png
apple4/apple4-066-333.png
apple4/apple4-068-000.png
apple4/apple4-068-090.png
apple4/apple4-068-180.png
apple4/apple4-068-270.png
apple4/apple4-090-000.png
apple4/apple4-090-022.png
apple4/apple4-090-045.png
apple4/apple4-090-068.png
apple4/apple4-090-090.png
apple4/apple4-090-112.png
apple4/apple4-090-135.png
apple4/apple4-090-158.png
apple4/apple4-090-180.png
apple4/apple4-090-202.png
apple4/apple4-090-225.png
apple4/apple4-090-248.png
apple4/apple4-090-270.png
apple4/apple4-090-292.png
apple4/apple4-090-315.png
apple4/apple4-090-338.png
apple5/apple5-000-000.png
apple5/apple5-022-000.png
apple5/apple5-022-090.png
apple5/apple5-022-180.png
apple5/apple5-022-270.png
apple5/apple5-035-045.png
apple5/apple5-035-135.png
apple5/apple5-035-225.png
apple5/apple5-035-315.png
apple5/apple5-045-000.png
apple5/apple5-045-090.png
apple5/apple5-045-180.png
apple5/apple5-045-270.png
apple5/apple5-066-027.png
apple5/apple5-066-063.png
apple5/apple5-066-117.png
apple5/apple5-066-153.png
apple5/apple5-066-207.png
apple5/apple5-066-243.png
apple5/apple5-066-297.png
apple5/apple5-066-333.png
apple5/apple5-068-000.png
apple5/apple5-068-090.png
apple5/apple5-068-180.png
apple5/apple5-068-270.png
apple5/apple5-090-000.png
apple5/apple5-090-022.png
apple5/apple5-090-045.png
apple5/apple5-090-068.png
apple5/apple5-090-090.png
apple5/apple5-090-112.png
apple5/apple5-090-135.png
apple5/apple5-090-158.png
apple5/apple5-090-180.png
apple5/apple5-090-202.png
apple5/apple5-090-225.png
apple5/apple5-090-248.png
apple5/apple5-090-270.png
apple5/apple5-090-292.png
apple5/apple5-090-315.png
apple5/apple5-090-338.png
apple6/apple6-000-000.png
apple6/apple6-022-000.png
apple6/apple6-022-090.png
apple6/apple6-022-180.png
apple6/apple6-022-270.png
apple6/apple6-035-045.png
apple6/apple6-035-135.png
apple6/apple6-035-225.png
apple6/apple6-035-315.png
apple6/apple6-045-000.png
apple6/apple6-045-090.png
apple6/apple6-045-180.png
apple6/apple6-045-270.png
apple6/apple6-066-027.png
apple6/apple6-066-063.png
apple6/apple6-066-117.png
apple6/apple6-066-153.png
apple6/apple6-066-207.png
apple6/apple6-066-243.png
apple6/apple6-066-297.png
apple6/apple6-066-333.png
apple6/apple6-068-000.png
apple6/apple6-068-090.png
apple6/apple6-068-180.png
apple6/apple6-068-270.png
apple6/apple6-090-000.png
apple6/apple6-090-022.png
apple6/apple6-090-045.png
apple6/apple6-090-068.png
apple6/apple6-090-090.png
apple6/apple6-090-112.png
apple6/apple6-090-135.png
apple6/apple6-090-158.png
apple6/apple6-090-180.png
apple6/apple6-090-202.png
apple6/apple6-090-225.png
apple6/apple6-090-248.png
apple6/apple6-090-270.png
apple6/apple6-090-292.png
apple6/apple6-090-315.png
apple6/apple6-090-338.png
apple7/apple7-000-000.png
apple7/apple7-022-000.png
apple7/apple7-022-090.png
apple7/apple7-022-180.png
apple7/apple7-022-270.png
apple7/apple7-035-045.png
apple7/apple7-035-135.png
apple7/apple7-035-225.png
apple7/apple7-035-315.png
apple7/apple7-045-000.png
apple7/apple7-045-090.png
apple7/apple7-045-180.png
apple7/apple7-045-270.png
apple7/apple7-066-027.png
apple7/apple7-066-063.png
apple7/apple7-066-117.png
apple7/apple7-066-153.png
apple7/apple7-066-207.png
apple7/apple7-066-243.png
apple7/apple7-066-297.png
apple7/apple7-066-333.png
apple7/apple7-068-000.png
apple7/apple7-068-090.png
apple7/apple7-068-180.png
apple7/apple7-068-270.png
apple7/apple7-090-000.png
apple7/apple7-090-022.png
apple7/apple7-090-045.png
apple7/apple7-090-068.png
apple7/apple7-090-090.png
apple7/apple7-090-112.png
apple7/apple7-090-135.png
apple7/apple7-090-158.png
apple7/apple7-090-180.png
apple7/apple7-090-202.png
apple7/apple7-090-225.png
apple7/apple7-090-248.png
apple7/apple7-090-270.png
apple7/apple7-090-292.png
apple7/apple7-090-315.png
apple7/apple7-090-338.png
apple8/apple8-000-000.png
apple8/apple8-022-000.png
apple8/apple8-022-090.png
apple8/apple8-022-180.png
apple8/apple8-022-270.png
apple8/apple8-035-045.png
apple8/apple8-035-135.png
apple8/apple8-035-225.png
apple8/apple8-035-315.png
apple8/apple8-045-000.png
apple8/apple8-045-090.png
apple8/apple8-045-180.png
apple8/apple8-045-270.png
apple8/apple8-066-027.png
apple8/apple8-066-063.png
apple8/apple8-066-117.png
apple8/apple8-066-153.png
apple8/apple8-066-207.png
apple8/apple8-066-243.png
apple8/apple8-066-297.png
apple8/apple8-066-333.png
apple8/apple8-068-000.png
apple8/apple8-068-090.png
apple8/apple8-068-180.png
apple8/apple8-068-270.png
apple8/apple8-090-000.png
apple8/apple8-090-022.png
apple8/apple8-090-045.png
apple8/apple8-090-068.png
apple8/apple8-090-090.png
apple8/apple8-090-112.png
apple8/apple8-090-135.png
apple8/apple8-090-158.png
apple8/apple8-090-180.png
apple8/apple8-090-202.png
apple8/apple8-090-225.png
apple8/apple8-090-248.png
apple8/apple8-090-270.png
apple8/apple8-090-292.png
apple8/apple8-090-315.png
apple8/apple8-090-338.png
apple9/apple9-000-000.png
apple9/apple9-022-000.png
apple9/apple9-022-090.png
apple9/apple9-022-180.png
apple9/apple9-022-270.png
apple9/apple9-035-045.png
apple9/apple9-035-135.png
apple9/apple9-035-225.png
apple9/apple9-035-315.png
apple9/apple9-045-000.png
apple9/apple9-045-090.png
apple9/apple9-045-180.png
apple9/apple9-045-270.png
apple9/apple9-066-027.png
apple9/apple9-066-063.png
apple9/apple9-066-117.png
apple9/apple9-066-153.png
apple9/apple9-066-207.png
apple9/apple9-066-243.png
apple9/apple9-066-297.png
apple9/apple9-066-333.png
apple9/apple9-068-000.png
apple9/apple9-068-090.png
apple9/apple9-068-180.png
apple9/apple9-068-270.png
apple9/apple9-090-000.png
apple9/apple9-090-022.png
apple9/apple9-090-045.png
apple9/apple9-090-068.png
apple9/apple9-090-090.png
apple9/apple9-090-112.png
apple9/apple9-090-135.png
apple9/apple9-090-158.png
apple9/apple9-090-180.png
apple9/apple9-090-202.png
apple9/apple9-090-225.png
apple9/apple9-090-248.png
apple9/apple9-090-270.png
apple9/apple9-090-292.png
apple9/apple9-090-315.png
apple9/apple9-090-338.png
car1/car1-000-000.png
car1/car1-022-000.png
car1/car1-022-090.png
car1/car1-022-180.png
car1/car1-022-270.png
car1/car1-035-045.png
car1/car1-035-135.png
car1/car1-035-225.png
car1/car1-035-315.png
car1/car1-045-000.png
car1/car1-045-090.png
car1/car1-045-180.png
car1/car1-045-270.png
car1/car1-066-027.png
car1/car1-066-063.png
car1/car1-066-117.png
car1/car1-066-153.png
car1/car1-066-207.png
car1/car1-066-243.png
car1/car1-066-297.png
car1/car1-066-333.png
car1/car1-068-000.png
car1/car1-068-090.png
car1/car1-068-180.png
car1/car1-068-270.png
car1/car1-090-000.png
car1/car1-090-022.png
car1/car1-090-045.png
car1/car1-090-068.png
car1/car1-090-090.png
car1/car1-090-112.png
car1/car1-090-135.png
car1/car1-090-158.png
car1/car1-090-180.png
car1/car1-090-202.png
car1/car1-090-225.png
car1/car1-090-248.png
car1/car1-090-270.png
car1/car1-090-292.png
car1/car1-090-315.png
car1/car1-090-338.png
car11/car11-000-000.png
car11/car11-022-000.png
car11/car11-022-090.png
car11/car11-022-180.png
car11/car11-022-270.png
car11/car11-035-045.png
car11/car11-035-135.png
car11/car11-035-225.png
car11/car11-035-315.png
car11/car11-045-000.png
car11/car11-045-090.png
car11/car11-045-180.png
car11/car11-045-270.png
car11/car11-066-027.png
car11/car11-066-063.png
car11/car11-066-117.png
car11/car11-066-153.png
car11/car11-066-207.png
car11/car11-066-243.png
car11/car11-066-297.png
car11/car11-066-333.png
car11/car11-068-000.png
car11/car11-068-090.png
car11/car11-068-180.png
car11/car11-068-270.png
car11/car11-090-000.png
car11/car11-090-022.png
car11/car11-090-045.png
car11/car11-090-068.png
car11/car11-090-090.png
car11/car11-090-112.png
car11/car11-090-135.png
car11/car11-090-158.png
car11/car11-090-180.png
car11/car11-090-202.png
car11/car11-090-225.png
car11/car11-090-248.png
car11/car11-090-270.png
car11/car11-090-292.png
car11/car11-090-315.png
car11/car11-090-338.png
car12/car12-000-000.png
car12/car12-022-000.png
car12/car12-022-090.png
car12/car12-022-180.png
car12/car12-022-270.png
car12/car12-035-045.png
car12/car12-035-135.png
car12/car12-035-225.png
car12/car12-035-315.png
car12/car12-045-000.png
car12/car12-045-090.png
car12/car12-045-180.png
car12/car12-045-270.png
car12/car12-066-027.png
car12/car12-066-063.png
car12/car12-066-117.png
car12/car12-066-153.png
car12/car12-066-207.png
car12/car12-066-243.png
car12/car12-066-297.png
car12/car12-066-333.png
car12/car12-068-000.png
car12/car12-068-090.png
car12/car12-068-180.png
car12/car12-068-270.png
car12/car12-090-000.png
car12/car12-090-022.png
car12/car12-090-045.png
car12/car12-090-068.png
car12/car12-090-090.png
car12/car12-090-112.png
car12/car12-090-135.png
car12/car12-090-158.png
car12/car12-090-180.png
car12/car12-090-202.png
car12/car12-090-225.png
car12/car12-090-248.png
car12/car12-090-270.png
car12/car12-090-292.png
car12/car12-090-315.png
car12/car12-090-338.png
car14/car14-000-000.png
car14/car14-022-000.png
car14/car14-022-090.png
car14/car14-022-180.png
car14/car14-022-270.png
car14/car14-035-045.png
car14/car14-035-135.png
car14/car14-035-225.png
car14/car14-035-315.png
car14/car14-045-000.png
car14/car14-045-090.png
car14/car14-045-180.png
car14/car14-045-270.png
car14/car14-066-027.png
car14/car14-066-063.png
car14/car14-066-117.png
car14/car14-066-153.png
car14/car14-066-207.png
car14/car14-066-243.png
car14/car14-066-297.png
car14/car14-066-333.png
car14/car14-068-000.png
car14/car14-068-090.png
car14/car14-068-180.png
car14/car14-068-270.png
car14/car14-090-000.png
car14/car14-090-022.png
car14/car14-090-045.png
car14/car14-090-068.png
car14/car14-090-090.png
car14/car14-090-112.png
car14/car14-090-135.png
car14/car14-090-158.png
car14/car14-090-180.png
car14/car14-090-202.png
car14/car14-090-225.png
car14/car14-090-248.png
car14/car14-090-270.png
car14/car14-090-292.png
car14/car14-090-315.png
car14/car14-090-338.png
car2/car2-000-000.png
car2/car2-022-000.png
car2/car2-022-090.png
car2/car2-022-180.png
car2/car2-022-270.png
car2/car2-035-045.png
car2/car2-035-135.png
car2/car2-035-225.png
car2/car2-035-315.png
car2/car2-045-000.png
car2/car2-045-090.png
car2/car2-045-180.png
car2/car2-045-270.png
car2/car2-066-027.png
car2/car2-066-063.png
car2/car2-066-117.png
car2/car2-066-153.png
car2/car2-066-207.png
car2/car2-066-243.png
car2/car2-066-297.png
car2/car2-066-333.png
car2/car2-068-000.png
car2/car2-068-090.png
car2/car2-068-180.png
car2/car2-068-270.png
car2/car2-090-000.png
car2/car2-090-022.png
car2/car2-090-045.png
car2/car2-090-068.png
car2/car2-090-090.png
car2/car2-090-112.png
car2/car2-090-135.png
car2/car2-090-158.png
car2/car2-090-180.png
car2/car2-090-202.png
car2/car2-090-225.png
car2/car2-090-248.png
car2/car2-090-270.png
car2/car2-090-292.png
car2/car2-090-315.png
car2/car2-090-338.png
car3/car3-000-000.png
car3/car3-022-000.png
car3/car3-022-090.png
car3/car3-022-180.png
car3/car3-022-270.png
car3/car3-035-045.png
car3/car3-035-135.png
car3/car3-035-225.png
car3/car3-035-315.png
car3/car3-045-000.png
car3/car3-045-090.png
car3/car3-045-180.png
car3/car3-045-270.png
car3/car3-066-027.png
car3/car3-066-063.png
car3/car3-066-117.png
car3/car3-066-153.png
car3/car3-066-207.png
car3/car3-066-243.png
car3/car3-066-297.png
car3/car3-066-333.png
car3/car3-068-000.png
car3/car3-068-090.png
car3/car3-068-180.png
car3/car3-068-270.png
car3/car3-090-000.png
car3/car3-090-022.png
car3/car3-090-045.png
car3/car3-090-068.png
car3/car3-090-090.png
car3/car3-090-112.png
car3/car3-090-135.png
car3/car3-090-158.png
car3/car3-090-180.png
car3/car3-090-202.png
car3/car3-090-225.png
car3/car3-090-248.png
car3/car3-090-270.png
car3/car3-090-292.png
car3/car3-090-315.png
car3/car3-090-338.png
car5/car5-000-000.png
car5/car5-022-000.png
car5/car5-022-090.png
car5/car5-022-180.png
car5/car5-022-270.png
car5/car5-035-045.png
car5/car5-035-135.png
car5/car5-035-225.png
car5/car5-035-315.png
car5/car5-045-000.png
car5/car5-045-090.png
car5/car5-045-180.png
car5/car5-045-270.png
car5/car5-066-027.png
car5/car5-066-063.png
car5/car5-066-117.png
car5/car5-066-153.png
car5/car5-066-207.png
car5/car5-066-243.png
car5/car5-066-297.png
car5/car5-066-333.png
car5/car5-068-000.png
car5/car5-068-090.png
car5/car5-068-180.png
car5/car5-068-270.png
car5/car5-090-000.png
car5/car5-090-022.png
car5/car5-090-045.png
car5/car5-090-068.png
car5/car5-090-090.png
car5/car5-090-112.png
car5/car5-090-135.png
car5/car5-090-158.png
car5/car5-090-180.png
car5/car5-090-202.png
car5/car5-090-225.png
car5/car5-090-248.png
car5/car5-090-270.png
car5/car5-090-292.png
car5/car5-090-315.png
car5/car5-090-338.png
car6/car6-000-000.png
car6/car6-022-000.png
car6/car6-022-090.png
car6/car6-022-180.png
car6/car6-022-270.png
car6/car6-035-045.png
car6/car6-035-135.png
car6/car6-035-225.png
car6/car6-035-315.png
car6/car6-045-000.png
car6/car6-045-090.png
car6/car6-045-180.png
car6/car6-045-270.png
car6/car6-066-027.png
car6/car6-066-063.png
car6/car6-066-117.png
car6/car6-066-153.png
car6/car6-066-207.png
car6/car6-066-243.png
car6/car6-066-297.png
car6/car6-066-333.png
car6/car6-068-000.png
car6/car6-068-090.png
car6/car6-068-180.png
car6/car6-068-270.png
car6/car6-090-000.png
car6/car6-090-022.png
car6/car6-090-045.png
car6/car6-090-068.png
car6/car6-090-090.png
car6/car6-090-112.png
car6/car6-090-135.png
car6/car6-090-158.png
car6/car6-090-180.png
car6/car6-090-202.png
car6/car6-090-225.png
car6/car6-090-248.png
car6/car6-090-270.png
car6/car6-090-292.png
car6/car6-090-315.png
car6/car6-090-338.png
car7/car7-000-000.png
car7/car7-022-000.png
car7/car7-022-090.png
car7/car7-022-180.png
car7/car7-022-270.png
car7/car7-035-045.png
car7/car7-035-135.png
car7/car7-035-225.png
car7/car7-035-315.png
car7/car7-045-000.png
car7/car7-045-090.png
car7/car7-045-180.png
car7/car7-045-270.png
car7/car7-066-027.png
car7/car7-066-063.png
car7/car7-066-117.png
car7/car7-066-153.png
car7/car7-066-207.png
car7/car7-066-243.png
car7/car7-066-297.png
car7/car7-066-333.png
car7/car7-068-000.png
car7/car7-068-090.png
car7/car7-068-180.png
car7/car7-068-270.png
car7/car7-090-000.png
car7/car7-090-022.png
car7/car7-090-045.png
car7/car7-090-068.png
car7/car7-090-090.png
car7/car7-090-112.png
car7/car7-090-135.png
car7/car7-090-158.png
car7/car7-090-180.png
car7/car7-090-202.png
car7/car7-090-225.png
car7/car7-090-248.png
car7/car7-090-270.png
car7/car7-090-292.png
car7/car7-090-315.png
car7/car7-090-338.png
car9/car9-000-000.png
car9/car9-022-000.png
car9/car9-022-090.png
car9/car9-022-180.png
car9/car9-022-270.png
car9/car9-035-045.png
car9/car9-035-135.png
car9/car9-035-225.png
car9/car9-035-315.png
car9/car9-045-000.png
car9/car9-045-090.png
car9/car9-045-180.png
car9/car9-045-270.png
car9/car9-066-027.png
car9/car9-066-063.png
car9/car9-066-117.png
car9/car9-066-153.png
car9/car9-066-207.png
car9/car9-066-243.png
car9/car9-066-297.png
car9/car9-066-333.png
car9/car9-068-000.png
car9/car9-068-090.png
car9/car9-068-180.png
car9/car9-068-270.png
car9/car9-090-000.png
car9/car9-090-022.png
car9/car9-090-045.png
car9/car9-090-068.png
car9/car9-090-090.png
car9/car9-090-112.png
car9/car9-090-135.png
car9/car9-090-158.png
car9/car9-090-180.png
car9/car9-090-202.png
car9/car9-090-225.png
car9/car9-090-248.png
car9/car9-090-270.png
car9/car9-090-292.png
car9/car9-090-315.png
car9/car9-090-338.png
cow1/cow1-000-000.png
cow1/cow1-022-000.png
cow1/cow1-022-090.png
cow1/cow1-022-180.png
cow1/cow1-022-270.png
cow1/cow1-035-045.png
cow1/cow1-035-135.png
cow1/cow1-035-225.png
cow1/cow1-035-315.png
cow1/cow1-045-000.png
cow1/cow1-045-090.png
cow1/cow1-045-180.png
cow1/cow1-045-270.png
cow1/cow1-066-027.png
cow1/cow1-066-063.png
cow1/cow1-066-117.png
cow1/cow1-066-153.png
cow1/cow1-066-207.png
cow1/cow1-066-243.png
cow1/cow1-066-297.png
cow1/cow1-066-333.png
cow1/cow1-068-000.png
cow1/cow1-068-090.png
cow1/cow1-068-180.png
cow1/cow1-068-270.png
cow1/cow1-090-000.png
cow1/cow1-090-022.png
cow1/cow1-090-045.png
cow1/cow1-090-068.png
cow1/cow1-090-090.png
cow1/cow1-090-112.png
cow1/cow1-090-135.png
cow1/cow1-090-158.png
cow1/cow1-090-180.png
cow1/cow1-090-202.png
cow1/cow1-090-225.png
cow1/cow1-090-248.png
cow1/cow1-090-270.png
cow1/cow1-090-292.png
cow1/cow1-090-315.png
cow1/cow1-090-338.png
cow10/cow10-000-000.png
cow10/cow10-022-000.png
cow10/cow10-022-090.png
cow10/cow10-022-180.png
cow10/cow10-022-270.png
cow10/cow10-035-045.png
cow10/cow10-035-135.png
cow10/cow10-035-225.png
cow10/cow10-035-315.png
cow10/cow10-045-000.png
cow10/cow10-045-090.png
cow10/cow10-045-180.png
cow10/cow10-045-270.png
cow10/cow10-066-027.png
cow10/cow10-066-063.png
cow10/cow10-066-117.png
cow10/cow10-066-153.png
cow10/cow10-066-207.png
cow10/cow10-066-243.png
cow10/cow10-066-297.png
cow10/cow10-066-333.png
cow10/cow10-068-000.png
cow10/cow10-068-090.png
cow10/cow10-068-180.png
cow10/cow10-068-270.png
cow10/cow10-090-000.png
cow10/cow10-090-022.png
cow10/cow10-090-045.png
cow10/cow10-090-068.png
cow10/cow10-090-090.png
cow10/cow10-090-112.png
cow10/cow10-090-135.png
cow10/cow10-090-158.png
cow10/cow10-090-180.png
cow10/cow10-090-202.png
cow10/cow10-090-225.png
cow10/cow10-090-248.png
cow10/cow10-090-270.png
cow10/cow10-090-292.png
cow10/cow10-090-315.png
cow10/cow10-090-338.png
cow2/cow2-000-000.png
cow2/cow2-022-000.png
cow2/cow2-022-090.png
cow2/cow2-022-180.png
cow2/cow2-022-270.png
cow2/cow2-035-045.png
cow2/cow2-035-135.png
cow2/cow2-035-225.png
cow2/cow2-035-315.png
cow2/cow2-045-000.png
cow2/cow2-045-090.png
cow2/cow2-045-180.png
cow2/cow2-045-270.png
cow2/cow2-066-027.png
cow2/cow2-066-063.png
cow2/cow2-066-117.png
cow2/cow2-066-153.png
cow2/cow2-066-207.png
cow2/cow2-066-243.png
cow2/cow2-066-297.png
cow2/cow2-066-333.png
cow2/cow2-068-000.png
cow2/cow2-068-090.png
cow2/cow2-068-180.png
cow2/cow2-068-270.png
cow2/cow2-090-000.png
cow2/cow2-090-022.png
cow2/cow2-090-045.png
cow2/cow2-090-068.png
cow2/cow2-090-090.png
cow2/cow2-090-112.png
cow2/cow2-090-135.png
cow2/cow2-090-158.png
cow2/cow2-090-180.png
cow2/cow2-090-202.png
cow2/cow2-090-225.png
cow2/cow2-090-248.png
cow2/cow2-090-270.png
cow2/cow2-090-292.png
cow2/cow2-090-315.png
cow2/cow2-090-338.png
cow3/cow3-000-000.png
cow3/cow3-022-000.png
cow3/cow3-022-090.png
cow3/cow3-022-180.png
cow3/cow3-022-270.png
cow3/cow3-035-045.png
cow3/cow3-035-135.png
cow3/cow3-035-225.png
cow3/cow3-035-315.png
cow3/cow3-045-000.png
cow3/cow3-045-090.png
cow3/cow3-045-180.png
cow3/cow3-045-270.png
cow3/cow3-066-027.png
cow3/cow3-066-063.png
cow3/cow3-066-117.png
cow3/cow3-066-153.png
cow3/cow3-066-207.png
cow3/cow3-066-243.png
cow3/cow3-066-297.png
cow3/cow3-066-333.png
cow3/cow3-068-000.png
cow3/cow3-068-090.png
cow3/cow3-068-180.png
cow3/cow3-068-270.png
cow3/cow3-090-000.png
cow3/cow3-090-022.png
cow3/cow3-090-045.png
cow3/cow3-090-068.png
cow3/cow3-090-090.png
cow3/cow3-090-112.png
cow3/cow3-090-135.png
cow3/cow3-090-158.png
cow3/cow3-090-180.png
cow3/cow3-090-202.png
cow3/cow3-090-225.png
cow3/cow3-090-248.png
cow3/cow3-090-270.png
cow3/cow3-090-292.png
cow3/cow3-090-315.png
cow3/cow3-090-338.png
cow4/cow4-000-000.png
cow4/cow4-022-000.png
cow4/cow4-022-090.png
cow4/cow4-022-180.png
cow4/cow4-022-270.png
cow4/cow4-035-045.png
cow4/cow4-035-135.png
cow4/cow4-035-225.png
cow4/cow4-035-315.png
cow4/cow4-045-000.png
cow4/cow4-045-090.png
cow4/cow4-045-180.png
cow4/cow4-045-270.png
cow4/cow4-066-027.png
cow4/cow4-066-063.png
cow4/cow4-066-117.png
cow4/cow4-066-153.png
cow4/cow4-066-207.png
cow4/cow4-066-243.png
cow4/cow4-066-297.png
cow4/cow4-066-333.png
cow4/cow4-068-000.png
cow4/cow4-068-090.png
cow4/cow4-068-180.png
cow4/cow4-068-270.png
cow4/cow4-090-000.png
cow4/cow4-090-022.png
cow4/cow4-090-045.png
cow4/cow4-090-068.png
cow4/cow4-090-090.png
cow4/cow4-090-112.png
cow4/cow4-090-135.png
cow4/cow4-090-158.png
cow4/cow4-090-180.png
cow4/cow4-090-202.png
cow4/cow4-090-225.png
cow4/cow4-090-248.png
cow4/cow4-090-270.png
cow4/cow4-090-292.png
cow4/cow4-090-315.png
cow4/cow4-090-338.png
cow5/cow5-000-000.png
cow5/cow5-022-000.png
cow5/cow5-022-090.png
cow5/cow5-022-180.png
cow5/cow5-022-270.png
cow5/cow5-035-045.png
cow5/cow5-035-135.png
cow5/cow5-035-225.png
cow5/cow5-035-315.png
cow5/cow5-045-000.png
cow5/cow5-045-090.png
cow5/cow5-045-180.png
cow5/cow5-045-270.png
cow5/cow5-066-027.png
cow5/cow5-066-063.png
cow5/cow5-066-117.png
cow5/cow5-066-153.png
cow5/cow5-066-207.png
cow5/cow5-066-243.png
cow5/cow5-066-297.png
cow5/cow5-066-333.png
cow5/cow5-068-000.png
cow5/cow5-068-090.png
cow5/cow5-068-180.png
cow5/cow5-068-270.png
cow5/cow5-090-000.png
cow5/cow5-090-022.png
cow5/cow5-090-045.png
cow5/cow5-090-068.png
cow5/cow5-090-090.png
cow5/cow5-090-112.png
cow5/cow5-090-135.png
cow5/cow5-090-158.png
cow5/cow5-090-180.png
cow5/cow5-090-202.png
cow5/cow5-090-225.png
cow5/cow5-090-248.png
cow5/cow5-090-270.png
cow5/cow5-090-292.png
cow5/cow5-090-315.png
cow5/cow5-090-338.png
cow6/cow6-000-000.png
cow6/cow6-022-000.png
cow6/cow6-022-090.png
cow6/cow6-022-180.png
cow6/cow6-022-270.png
cow6/cow6-035-045.png
cow6/cow6-035-135.png
cow6/cow6-035-225.png
cow6/cow6-035-315.png
cow6/cow6-045-000.png
cow6/cow6-045-090.png
cow6/cow6-045-180.png
cow6/cow6-045-270.png
cow6/cow6-066-027.png
cow6/cow6-066-063.png
cow6/cow6-066-117.png
cow6/cow6-066-153.png
cow6/cow6-066-207.png
cow6/cow6-066-243.png
cow6/cow6-066-297.png
cow6/cow6-066-333.png
cow6/cow6-068-000.png
cow6/cow6-068-090.png
cow6/cow6-068-180.png
cow6/cow6-068-270.png
cow6/cow6-090-000.png
cow6/cow6-090-022.png
cow6/cow6-090-045.png
cow6/cow6-090-068.png
cow6/cow6-090-090.png
cow6/cow6-090-112.png
cow6/cow6-090-135.png
cow6/cow6-090-158.png
cow6/cow6-090-180.png
cow6/cow6-090-202.png
cow6/cow6-090-225.png
cow6/cow6-090-248.png
cow6/cow6-090-270.png
cow6/cow6-090-292.png
cow6/cow6-090-315.png
cow6/cow6-090-338.png
cow7/cow7-000-000.png
cow7/cow7-022-000.png
cow7/cow7-022-090.png
cow7/cow7-022-180.png
cow7/cow7-022-270.png
cow7/cow7-035-045.png
cow7/cow7-035-135.png
cow7/cow7-035-225.png
cow7/cow7-035-315.png
cow7/cow7-045-000.png
cow7/cow7-045-090.png
cow7/cow7-045-180.png
cow7/cow7-045-270.png
cow7/cow7-066-027.png
cow7/cow7-066-063.png
cow7/cow7-066-117.png
cow7/cow7-066-153.png
cow7/cow7-066-207.png
cow7/cow7-066-243.png
cow7/cow7-066-297.png
cow7/cow7-066-333.png
cow7/cow7-068-000.png
cow7/cow7-068-090.png
cow7/cow7-068-180.png
cow7/cow7-068-270.png
cow7/cow7-090-000.png
cow7/cow7-090-022.png
cow7/cow7-090-045.png
cow7/cow7-090-068.png
cow7/cow7-090-090.png
cow7/cow7-090-112.png
cow7/cow7-090-135.png
cow7/cow7-090-158.png
cow7/cow7-090-180.png
cow7/cow7-090-202.png
cow7/cow7-090-225.png
cow7/cow7-090-248.png
cow7/cow7-090-270.png
cow7/cow7-090-292.png
cow7/cow7-090-315.png
cow7/cow7-090-338.png
cow8/cow8-000-000.png
cow8/cow8-022-000.png
cow8/cow8-022-090.png
cow8/cow8-022-180.png
cow8/cow8-022-270.png
cow8/cow8-035-045.png
cow8/cow8-035-135.png
cow8/cow8-035-225.png
cow8/cow8-035-315.png
cow8/cow8-045-000.png
cow8/cow8-045-090.png
cow8/cow8-045-180.png
cow8/cow8-045-270.png
cow8/cow8-066-027.png
cow8/cow8-066-063.png
cow8/cow8-066-117.png
cow8/cow8-066-153.png
cow8/cow8-066-207.png
cow8/cow8-066-243.png
cow8/cow8-066-297.png
cow8/cow8-066-333.png
cow8/cow8-068-000.png
cow8/cow8-068-090.png
cow8/cow8-068-180.png
cow8/cow8-068-270.png
cow8/cow8-090-000.png
cow8/cow8-090-022.png
cow8/cow8-090-045.png
cow8/cow8-090-068.png
cow8/cow8-090-090.png
cow8/cow8-090-112.png
cow8/cow8-090-135.png
cow8/cow8-090-158.png
cow8/cow8-090-180.png
cow8/cow8-090-202.png
cow8/cow8-090-225.png
cow8/cow8-090-248.png
cow8/cow8-090-270.png
cow8/cow8-090-292.png
cow8/cow8-090-315.png
cow8/cow8-090-338.png
cow9/cow9-000-000.png
cow9/cow9-022-000.png
cow9/cow9-022-090.png
cow9/cow9-022-180.png
cow9/cow9-022-270.png
cow9/cow9-035-045.png
cow9/cow9-035-135.png
cow9/cow9-035-225.png
cow9/cow9-035-315.png
cow9/cow9-045-000.png
cow9/cow9-045-090.png
cow9/cow9-045-180.png
cow9/cow9-045-270.png
cow9/cow9-066-027.png
cow9/cow9-066-063.png
cow9/cow9-066-117.png
cow9/cow9-066-153.png
cow9/cow9-066-207.png
cow9/cow9-066-243.png
cow9/cow9-066-297.png
cow9/cow9-066-333.png
cow9/cow9-068-000.png
cow9/cow9-068-090.png
cow9/cow9-068-180.png
cow9/cow9-068-270.png
cow9/cow9-090-000.png
cow9/cow9-090-022.png
cow9/cow9-090-045.png
cow9/cow9-090-068.png
cow9/cow9-090-090.png
cow9/cow9-090-112.png
cow9/cow9-090-135.png
cow9/cow9-090-158.png
cow9/cow9-090-180.png
cow9/cow9-090-202.png
cow9/cow9-090-225.png
cow9/cow9-090-248.png
cow9/cow9-090-270.png
cow9/cow9-090-292.png
cow9/cow9-090-315.png
cow9/cow9-090-338.png
cup1/cup1-000-000.png
cup1/cup1-022-000.png
cup1/cup1-022-090.png
cup1/cup1-022-180.png
cup1/cup1-022-270.png
cup1/cup1-035-045.png
cup1/cup1-035-135.png
cup1/cup1-035-225.png
cup1/cup1-035-315.png
cup1/cup1-045-000.png
cup1/cup1-045-090.png
cup1/cup1-045-180.png
cup1/cup1-045-270.png
cup1/cup1-066-027.png
cup1/cup1-066-063.png
cup1/cup1-066-117.png
cup1/cup1-066-153.png
cup1/cup1-066-207.png
cup1/cup1-066-243.png
cup1/cup1-066-297.png
cup1/cup1-066-333.png
cup1/cup1-068-000.png
cup1/cup1-068-090.png
cup1/cup1-068-180.png
cup1/cup1-068-270.png
cup1/cup1-090-000.png
cup1/cup1-090-022.png
cup1/cup1-090-045.png
cup1/cup1-090-068.png
cup1/cup1-090-090.png
cup1/cup1-090-112.png
cup1/cup1-090-135.png
cup1/cup1-090-158.png
cup1/cup1-090-180.png
cup1/cup1-090-202.png
cup1/cup1-090-225.png
cup1/cup1-090-248.png
cup1/cup1-090-270.png
cup1/cup1-090-292.png
cup1/cup1-090-315.png
cup1/cup1-090-338.png
cup10/cup10-000-000.png
cup10/cup10-022-000.png
cup10/cup10-022-090.png
cup10/cup10-022-180.png
cup10/cup10-022-270.png
cup10/cup10-035-045.png
cup10/cup10-035-135.png
cup10/cup10-035-225.png
cup10/cup10-035-315.png
cup10/cup10-045-000.png
cup10/cup10-045-090.png
cup10/cup10-045-180.png
cup10/cup10-045-270.png
cup10/cup10-066-027.png
cup10/cup10-066-063.png
cup10/cup10-066-117.png
cup10/cup10-066-153.png
cup10/cup10-066-207.png
cup10/cup10-066-243.png
cup10/cup10-066-297.png
cup10/cup10-066-333.png
cup10/cup10-068-000.png
cup10/cup10-068-090.png
cup10/cup10-068-180.png
cup10/cup10-068-270.png
cup10/cup10-090-000.png
cup10/cup10-090-022.png
cup10/cup10-090-045.png
cup10/cup10-090-068.png
cup10/cup10-090-090.png
cup10/cup10-090-112.png
cup10/cup10-090-135.png
cup10/cup10-090-158.png
cup10/cup10-090-180.png
cup10/cup10-090-202.png
cup10/cup10-090-225.png
cup10/cup10-090-248.png
cup10/cup10-090-270.png
cup10/cup10-090-292.png
cup10/cup10-090-315.png
cup10/cup10-090-338.png
cup2/cup2-000-000.png
cup2/cup2-022-000.png
cup2/cup2-022-090.png
cup2/cup2-022-180.png
cup2/cup2-022-270.png
cup2/cup2-035-045.png
cup2/cup2-035-135.png
cup2/cup2-035-225.png
cup2/cup2-035-315.png
cup2/cup2-045-000.png
cup2/cup2-045-090.png
cup2/cup2-045-180.png
cup2/cup2-045-270.png
cup2/cup2-066-027.png
cup2/cup2-066-063.png
cup2/cup2-066-117.png
cup2/cup2-066-153.png
cup2/cup2-066-207.png
cup2/cup2-066-243.png
cup2/cup2-066-297.png
cup2/cup2-066-333.png
cup2/cup2-068-000.png
cup2/cup2-068-090.png
cup2/cup2-068-180.png
cup2/cup2-068-270.png
cup2/cup2-090-000.png
cup2/cup2-090-022.png
cup2/cup2-090-045.png
cup2/cup2-090-068.png
cup2/cup2-090-090.png
cup2/cup2-090-112.png
cup2/cup2-090-135.png
cup2/cup2-090-158.png
cup2/cup2-090-180.png
cup2/cup2-090-202.png
cup2/cup2-090-225.png
cup2/cup2-090-248.png
cup2/cup2-090-270.png
cup2/cup2-090-292.png
cup2/cup2-090-315.png
cup2/cup2-090-338.png
cup3/cup3-000-000.png
cup3/cup3-022-000.png
cup3/cup3-022-090.png
cup3/cup3-022-180.png
cup3/cup3-022-270.png
cup3/cup3-035-045.png
cup3/cup3-035-135.png
cup3/cup3-035-225.png
cup3/cup3-035-315.png
cup3/cup3-045-000.png
cup3/cup3-045-090.png
cup3/cup3-045-180.png
cup3/cup3-045-270.png
cup3/cup3-066-027.png
cup3/cup3-066-063.png
cup3/cup3-066-117.png
cup3/cup3-066-153.png
cup3/cup3-066-207.png
cup3/cup3-066-243.png
cup3/cup3-066-297.png
cup3/cup3-066-333.png
cup3/cup3-068-000.png
cup3/cup3-068-090.png
cup3/cup3-068-180.png
cup3/cup3-068-270.png
cup3/cup3-090-000.png
cup3/cup3-090-022.png
cup3/cup3-090-045.png
cup3/cup3-090-068.png
cup3/cup3-090-090.png
cup3/cup3-090-112.png
cup3/cup3-090-135.png
cup3/cup3-090-158.png
cup3/cup3-090-180.png
cup3/cup3-090-202.png
cup3/cup3-090-225.png
cup3/cup3-090-248.png
cup3/cup3-090-270.png
cup3/cup3-090-292.png
cup3/cup3-090-315.png
cup3/cup3-090-338.png
cup4/cup4-000-000.png
cup4/cup4-022-000.png
cup4/cup4-022-090.png
cup4/cup4-022-180.png
cup4/cup4-022-270.png
cup4/cup4-035-045.png
cup4/cup4-035-135.png
cup4/cup4-035-225.png
cup4/cup4-035-315.png
cup4/cup4-045-000.png
cup4/cup4-045-090.png
cup4/cup4-045-180.png
cup4/cup4-045-270.png
cup4/cup4-066-027.png
cup4/cup4-066-063.png
cup4/cup4-066-117.png
cup4/cup4-066-153.png
cup4/cup4-066-207.png
cup4/cup4-066-243.png
cup4/cup4-066-297.png
cup4/cup4-066-333.png
cup4/cup4-068-000.png
cup4/cup4-068-090.png
cup4/cup4-068-180.png
cup4/cup4-068-270.png
cup4/cup4-090-000.png
cup4/cup4-090-022.png
cup4/cup4-090-045.png
cup4/cup4-090-068.png
cup4/cup4-090-090.png
cup4/cup4-090-112.png
cup4/cup4-090-135.png
cup4/cup4-090-158.png
cup4/cup4-090-180.png
cup4/cup4-090-202.png
cup4/cup4-090-225.png
cup4/cup4-090-248.png
cup4/cup4-090-270.png
cup4/cup4-090-292.png
cup4/cup4-090-315.png
cup4/cup4-090-338.png
cup5/cup5-000-000.png
cup5/cup5-022-000.png
cup5/cup5-022-090.png
cup5/cup5-022-180.png
cup5/cup5-022-270.png
cup5/cup5-035-045.png
cup5/cup5-035-135.png
cup5/cup5-035-225.png
cup5/cup5-035-315.png
cup5/cup5-045-000.png
cup5/cup5-045-090.png
cup5/cup5-045-180.png
cup5/cup5-045-270.png
cup5/cup5-066-027.png
cup5/cup5-066-063.png
cup5/cup5-066-117.png
cup5/cup5-066-153.png
cup5/cup5-066-207.png
cup5/cup5-066-243.png
cup5/cup5-066-297.png
cup5/cup5-066-333.png
cup5/cup5-068-000.png
cup5/cup5-068-090.png
cup5/cup5-068-180.png
cup5/cup5-068-270.png
cup5/cup5-090-000.png
cup5/cup5-090-022.png
cup5/cup5-090-045.png
cup5/cup5-090-068.png
cup5/cup5-090-090.png
cup5/cup5-090-112.png
cup5/cup5-090-135.png
cup5/cup5-090-158.png
cup5/cup5-090-180.png
cup5/cup5-090-202.png
cup5/cup5-090-225.png
cup5/cup5-090-248.png
cup5/cup5-090-270.png
cup5/cup5-090-292.png
cup5/cup5-090-315.png
cup5/cup5-090-338.png
cup6/cup6-000-000.png
cup6/cup6-022-000.png
cup6/cup6-022-090.png
cup6/cup6-022-180.png
cup6/cup6-022-270.png
cup6/cup6-035-045.png
cup6/cup6-035-135.png
cup6/cup6-035-225.png
cup6/cup6-035-315.png
cup6/cup6-045-000.png
cup6/cup6-045-090.png
cup6/cup6-045-180.png
cup6/cup6-045-270.png
cup6/cup6-066-027.png
cup6/cup6-066-063.png
cup6/cup6-066-117.png
cup6/cup6-066-153.png
cup6/cup6-066-207.png
cup6/cup6-066-243.png
cup6/cup6-066-297.png
cup6/cup6-066-333.png
cup6/cup6-068-000.png
cup6/cup6-068-090.png
cup6/cup6-068-180.png
cup6/cup6-068-270.png
cup6/cup6-090-000.png
cup6/cup6-090-022.png
cup6/cup6-090-045.png
cup6/cup6-090-068.png
cup6/cup6-090-090.png
cup6/cup6-090-112.png
cup6/cup6-090-135.png
cup6/cup6-090-158.png
cup6/cup6-090-180.png
cup6/cup6-090-202.png
cup6/cup6-090-225.png
cup6/cup6-090-248.png
cup6/cup6-090-270.png
cup6/cup6-090-292.png
cup6/cup6-090-315.png
cup6/cup6-090-338.png
cup7/cup7-000-000.png
cup7/cup7-022-000.png
cup7/cup7-022-090.png
cup7/cup7-022-180.png
cup7/cup7-022-270.png
cup7/cup7-035-045.png
cup7/cup7-035-135.png
cup7/cup7-035-225.png
cup7/cup7-035-315.png
cup7/cup7-045-000.png
cup7/cup7-045-090.png
cup7/cup7-045-180.png
cup7/cup7-045-270.png
cup7/cup7-066-027.png
cup7/cup7-066-063.png
cup7/cup7-066-117.png
cup7/cup7-066-153.png
cup7/cup7-066-207.png
cup7/cup7-066-243.png
cup7/cup7-066-297.png
cup7/cup7-066-333.png
cup7/cup7-068-000.png
cup7/cup7-068-090.png
cup7/cup7-068-180.png
cup7/cup7-068-270.png
cup7/cup7-090-000.png
cup7/cup7-090-022.png
cup7/cup7-090-045.png
cup7/cup7-090-068.png
cup7/cup7-090-090.png
cup7/cup7-090-112.png
cup7/cup7-090-135.png
cup7/cup7-090-158.png
cup7/cup7-090-180.png
cup7/cup7-090-202.png
cup7/cup7-090-225.png
cup7/cup7-090-248.png
cup7/cup7-090-270.png
cup7/cup7-090-292.png
cup7/cup7-090-315.png
cup7/cup7-090-338.png
cup8/cup8-000-000.png
cup8/cup8-022-000.png
cup8/cup8-022-090.png
cup8/cup8-022-180.png
cup8/cup8-022-270.png
cup8/cup8-035-045.png
cup8/cup8-035-135.png
cup8/cup8-035-225.png
cup8/cup8-035-315.png
cup8/cup8-045-000.png
cup8/cup8-045-090.png
cup8/cup8-045-180.png
cup8/cup8-045-270.png
cup8/cup8-066-027.png
cup8/cup8-066-063.png
cup8/cup8-066-117.png
cup8/cup8-066-153.png
cup8/cup8-066-207.png
cup8/cup8-066-243.png
cup8/cup8-066-297.png
cup8/cup8-066-333.png
cup8/cup8-068-000.png
cup8/cup8-068-090.png
cup8/cup8-068-180.png
cup8/cup8-068-270.png
cup8/cup8-090-000.png
cup8/cup8-090-022.png
cup8/cup8-090-045.png
cup8/cup8-090-068.png
cup8/cup8-090-090.png
cup8/cup8-090-112.png
cup8/cup8-090-135.png
cup8/cup8-090-158.png
cup8/cup8-090-180.png
cup8/cup8-090-202.png
cup8/cup8-090-225.png
cup8/cup8-090-248.png
cup8/cup8-090-270.png
cup8/cup8-090-292.png
cup8/cup8-090-315.png
cup8/cup8-090-338.png
cup9/cup9-000-000.png
cup9/cup9-022-000.png
cup9/cup9-022-090.png
cup9/cup9-022-180.png
cup9/cup9-022-270.png
cup9/cup9-035-045.png
cup9/cup9-035-135.png
cup9/cup9-035-225.png
cup9/cup9-035-315.png
cup9/cup9-045-000.png
cup9/cup9-045-090.png
cup9/cup9-045-180.png
cup9/cup9-045-270.png
cup9/cup9-066-027.png
cup9/cup9-066-063.png
cup9/cup9-066-117.png
cup9/cup9-066-153.png
cup9/cup9-066-207.png
cup9/cup9-066-243.png
cup9/cup9-066-297.png
cup9/cup9-066-333.png
cup9/cup9-068-000.png
cup9/cup9-068-090.png
cup9/cup9-068-180.png
cup9/cup9-068-270.png
cup9/cup9-090-000.png
cup9/cup9-090-022.png
cup9/cup9-090-045.png
cup9/cup9-090-068.png
cup9/cup9-090-090.png
cup9/cup9-090-112.png
cup9/cup9-090-135.png
cup9/cup9-090-158.png
cup9/cup9-090-180.png
cup9/cup9-090-202.png
cup9/cup9-090-225.png
cup9/cup9-090-248.png
cup9/cup9-090-270.png
cup9/cup9-090-292.png
cup9/cup9-090-315.png
cup9/cup9-090-338.png
dog1/dog1-000-000.png
dog1/dog1-022-000.png
dog1/dog1-022-090.png
dog1/dog1-022-180.png
dog1/dog1-022-270.png
dog1/dog1-035-045.png
dog1/dog1-035-135.png
dog1/dog1-035-225.png
dog1/dog1-035-315.png
dog1/dog1-045-000.png
dog1/dog1-045-090.png
dog1/dog1-045-180.png
dog1/dog1-045-270.png
dog1/dog1-066-027.png
dog1/dog1-066-063.png
dog1/dog1-066-117.png
dog1/dog1-066-153.png
dog1/dog1-066-207.png
dog1/dog1-066-243.png
dog1/dog1-066-297.png
dog1/dog1-066-333.png
dog1/dog1-068-000.png
dog1/dog1-068-090.png
dog1/dog1-068-180.png
dog1/dog1-068-270.png
dog1/dog1-090-000.png
dog1/dog1-090-022.png
dog1/dog1-090-045.png
dog1/dog1-090-068.png
dog1/dog1-090-090.png
dog1/dog1-090-112.png
dog1/dog1-090-135.png
dog1/dog1-090-158.png
dog1/dog1-090-180.png
dog1/dog1-090-202.png
dog1/dog1-090-225.png
dog1/dog1-090-248.png
dog1/dog1-090-270.png
dog1/dog1-090-292.png
dog1/dog1-090-315.png
dog1/dog1-090-338.png
dog10/dog10-000-000.png
dog10/dog10-022-000.png
dog10/dog10-022-090.png
dog10/dog10-022-180.png
dog10/dog10-022-270.png
dog10/dog10-035-045.png
dog10/dog10-035-135.png
dog10/dog10-035-225.png
dog10/dog10-035-315.png
dog10/dog10-045-000.png
dog10/dog10-045-090.png
dog10/dog10-045-180.png
dog10/dog10-045-270.png
dog10/dog10-066-027.png
dog10/dog10-066-063.png
dog10/dog10-066-117.png
dog10/dog10-066-153.png
dog10/dog10-066-207.png
dog10/dog10-066-243.png
dog10/dog10-066-297.png
dog10/dog10-066-333.png
dog10/dog10-068-000.png
dog10/dog10-068-090.png
dog10/dog10-068-180.png
dog10/dog10-068-270.png
dog10/dog10-090-000.png
dog10/dog10-090-022.png
dog10/dog10-090-045.png
dog10/dog10-090-068.png
dog10/dog10-090-090.png
dog10/dog10-090-112.png
dog10/dog10-090-135.png
dog10/dog10-090-158.png
dog10/dog10-090-180.png
dog10/dog10-090-202.png
dog10/dog10-090-225.png
dog10/dog10-090-248.png
dog10/dog10-090-270.png
dog10/dog10-090-292.png
dog10/dog10-090-315.png
dog10/dog10-090-338.png
dog2/dog2-000-000.png
dog2/dog2-022-000.png
dog2/dog2-022-090.png
dog2/dog2-022-180.png
dog2/dog2-022-270.png
dog2/dog2-035-045.png
dog2/dog2-035-135.png
dog2/dog2-035-225.png
dog2/dog2-035-315.png
dog2/dog2-045-000.png
dog2/dog2-045-090.png
dog2/dog2-045-180.png
dog2/dog2-045-270.png
dog2/dog2-066-027.png
dog2/dog2-066-063.png
dog2/dog2-066-117.png
dog2/dog2-066-153.png
dog2/dog2-066-207.png
dog2/dog2-066-243.png
dog2/dog2-066-297.png
dog2/dog2-066-333.png
dog2/dog2-068-000.png
dog2/dog2-068-090.png
dog2/dog2-068-180.png
dog2/dog2-068-270.png
dog2/dog2-090-000.png
dog2/dog2-090-022.png
dog2/dog2-090-045.png
dog2/dog2-090-068.png
dog2/dog2-090-090.png
dog2/dog2-090-112.png
dog2/dog2-090-135.png
dog2/dog2-090-158.png
dog2/dog2-090-180.png
dog2/dog2-090-202.png
dog2/dog2-090-225.png
dog2/dog2-090-248.png
dog2/dog2-090-270.png
dog2/dog2-090-292.png
dog2/dog2-090-315.png
dog2/dog2-090-338.png
dog3/dog3-000-000.png
dog3/dog3-022-000.png
dog3/dog3-022-090.png
dog3/dog3-022-180.png
dog3/dog3-022-270.png
dog3/dog3-035-045.png
dog3/dog3-035-135.png
dog3/dog3-035-225.png
dog3/dog3-035-315.png
dog3/dog3-045-000.png
dog3/dog3-045-090.png
dog3/dog3-045-180.png
dog3/dog3-045-270.png
dog3/dog3-066-027.png
dog3/dog3-066-063.png
dog3/dog3-066-117.png
dog3/dog3-066-153.png
dog3/dog3-066-207.png
dog3/dog3-066-243.png
dog3/dog3-066-297.png
dog3/dog3-066-333.png
dog3/dog3-068-000.png
dog3/dog3-068-090.png
dog3/dog3-068-180.png
dog3/dog3-068-270.png
dog3/dog3-090-000.png
dog3/dog3-090-022.png
dog3/dog3-090-045.png
dog3/dog3-090-068.png
dog3/dog3-090-090.png
dog3/dog3-090-112.png
dog3/dog3-090-135.png
dog3/dog3-090-158.png
dog3/dog3-090-180.png
dog3/dog3-090-202.png
dog3/dog3-090-225.png
dog3/dog3-090-248.png
dog3/dog3-090-270.png
dog3/dog3-090-292.png
dog3/dog3-090-315.png
dog3/dog3-090-338.png
dog4/dog4-000-000.png
dog4/dog4-022-000.png
dog4/dog4-022-090.png
dog4/dog4-022-180.png
dog4/dog4-022-270.png
dog4/dog4-035-045.png
dog4/dog4-035-135.png
dog4/dog4-035-225.png
dog4/dog4-035-315.png
dog4/dog4-045-000.png
dog4/dog4-045-090.png
dog4/dog4-045-180.png
dog4/dog4-045-270.png
dog4/dog4-066-027.png
dog4/dog4-066-063.png
dog4/dog4-066-117.png
dog4/dog4-066-153.png
dog4/dog4-066-207.png
dog4/dog4-066-243.png
dog4/dog4-066-297.png
dog4/dog4-066-333.png
dog4/dog4-068-000.png
dog4/dog4-068-090.png
dog4/dog4-068-180.png
dog4/dog4-068-270.png
dog4/dog4-090-000.png
dog4/dog4-090-022.png
dog4/dog4-090-045.png
dog4/dog4-090-068.png
dog4/dog4-090-090.png
dog4/dog4-090-112.png
dog4/dog4-090-135.png
dog4/dog4-090-158.png
dog4/dog4-090-180.png
dog4/dog4-090-202.png
dog4/dog4-090-225.png
dog4/dog4-090-248.png
dog4/dog4-090-270.png
dog4/dog4-090-292.png
dog4/dog4-090-315.png
dog4/dog4-090-338.png
dog5/dog5-000-000.png
dog5/dog5-022-000.png
dog5/dog5-022-090.png
dog5/dog5-022-180.png
dog5/dog5-022-270.png
dog5/dog5-035-045.png
dog5/dog5-035-135.png
dog5/dog5-035-225.png
dog5/dog5-035-315.png
dog5/dog5-045-000.png
dog5/dog5-045-090.png
dog5/dog5-045-180.png
dog5/dog5-045-270.png
dog5/dog5-066-027.png
dog5/dog5-066-063.png
dog5/dog5-066-117.png
dog5/dog5-066-153.png
dog5/dog5-066-207.png
dog5/dog5-066-243.png
dog5/dog5-066-297.png
dog5/dog5-066-333.png
dog5/dog5-068-000.png
dog5/dog5-068-090.png
dog5/dog5-068-180.png
dog5/dog5-068-270.png
dog5/dog5-090-000.png
dog5/dog5-090-022.png
dog5/dog5-090-045.png
dog5/dog5-090-068.png
dog5/dog5-090-090.png
dog5/dog5-090-112.png
dog5/dog5-090-135.png
dog5/dog5-090-158.png
dog5/dog5-090-180.png
dog5/dog5-090-202.png
dog5/dog5-090-225.png
dog5/dog5-090-248.png
dog5/dog5-090-270.png
dog5/dog5-090-292.png
dog5/dog5-090-315.png
dog5/dog5-090-338.png
dog6/dog6-000-000.png
dog6/dog6-022-000.png
dog6/dog6-022-090.png
dog6/dog6-022-180.png
dog6/dog6-022-270.png
dog6/dog6-035-045.png
dog6/dog6-035-135.png
dog6/dog6-035-225.png
dog6/dog6-035-315.png
dog6/dog6-045-000.png
dog6/dog6-045-090.png
dog6/dog6-045-180.png
dog6/dog6-045-270.png
dog6/dog6-066-027.png
dog6/dog6-066-063.png
dog6/dog6-066-117.png
dog6/dog6-066-153.png
dog6/dog6-066-207.png
dog6/dog6-066-243.png
dog6/dog6-066-297.png
dog6/dog6-066-333.png
dog6/dog6-068-000.png
dog6/dog6-068-090.png
dog6/dog6-068-180.png
dog6/dog6-068-270.png
dog6/dog6-090-000.png
dog6/dog6-090-022.png
dog6/dog6-090-045.png
dog6/dog6-090-068.png
dog6/dog6-090-090.png
dog6/dog6-090-112.png
dog6/dog6-090-135.png
dog6/dog6-090-158.png
dog6/dog6-090-180.png
dog6/dog6-090-202.png
dog6/dog6-090-225.png
dog6/dog6-090-248.png
dog6/dog6-090-270.png
dog6/dog6-090-292.png
dog6/dog6-090-315.png
dog6/dog6-090-338.png
dog7/dog7-000-000.png
dog7/dog7-022-000.png
dog7/dog7-022-090.png
dog7/dog7-022-180.png
dog7/dog7-022-270.png
dog7/dog7-035-045.png
dog7/dog7-035-135.png
dog7/dog7-035-225.png
dog7/dog7-035-315.png
dog7/dog7-045-000.png
dog7/dog7-045-090.png
dog7/dog7-045-180.png
dog7/dog7-045-270.png
dog7/dog7-066-027.png
dog7/dog7-066-063.png
dog7/dog7-066-117.png
dog7/dog7-066-153.png
dog7/dog7-066-207.png
dog7/dog7-066-243.png
dog7/dog7-066-297.png
dog7/dog7-066-333.png
dog7/dog7-068-000.png
dog7/dog7-068-090.png
dog7/dog7-068-180.png
dog7/dog7-068-270.png
dog7/dog7-090-000.png
dog7/dog7-090-022.png
dog7/dog7-090-045.png
dog7/dog7-090-068.png
dog7/dog7-090-090.png
dog7/dog7-090-112.png
dog7/dog7-090-135.png
dog7/dog7-090-158.png
dog7/dog7-090-180.png
dog7/dog7-090-202.png
dog7/dog7-090-225.png
dog7/dog7-090-248.png
dog7/dog7-090-270.png
dog7/dog7-090-292.png
dog7/dog7-090-315.png
dog7/dog7-090-338.png
dog8/dog8-000-000.png
dog8/dog8-022-000.png
dog8/dog8-022-090.png
dog8/dog8-022-180.png
dog8/dog8-022-270.png
dog8/dog8-035-045.png
dog8/dog8-035-135.png
dog8/dog8-035-225.png
dog8/dog8-035-315.png
dog8/dog8-045-000.png
dog8/dog8-045-090.png
dog8/dog8-045-180.png
dog8/dog8-045-270.png
dog8/dog8-066-027.png
dog8/dog8-066-063.png
dog8/dog8-066-117.png
dog8/dog8-066-153.png
dog8/dog8-066-207.png
dog8/dog8-066-243.png
dog8/dog8-066-297.png
dog8/dog8-066-333.png
dog8/dog8-068-000.png
dog8/dog8-068-090.png
dog8/dog8-068-180.png
dog8/dog8-068-270.png
dog8/dog8-090-000.png
dog8/dog8-090-022.png
dog8/dog8-090-045.png
dog8/dog8-090-068.png
dog8/dog8-090-090.png
dog8/dog8-090-112.png
dog8/dog8-090-135.png
dog8/dog8-090-158.png
dog8/dog8-090-180.png
dog8/dog8-090-202.png
dog8/dog8-090-225.png
dog8/dog8-090-248.png
dog8/dog8-090-270.png
dog8/dog8-090-292.png
dog8/dog8-090-315.png
dog8/dog8-090-338.png
dog9/dog9-000-000.png
dog9/dog9-022-000.png
dog9/dog9-022-090.png
dog9/dog9-022-180.png
dog9/dog9-022-270.png
dog9/dog9-035-045.png
dog9/dog9-035-135.png
dog9/dog9-035-225.png
dog9/dog9-035-315.png
dog9/dog9-045-000.png
dog9/dog9-045-090.png
dog9/dog9-045-180.png
dog9/dog9-045-270.png
dog9/dog9-066-027.png
dog9/dog9-066-063.png
dog9/dog9-066-117.png
dog9/dog9-066-153.png
dog9/dog9-066-207.png
dog9/dog9-066-243.png
dog9/dog9-066-297.png
dog9/dog9-066-333.png
dog9/dog9-068-000.png
dog9/dog9-068-090.png
dog9/dog9-068-180.png
dog9/dog9-068-270.png
dog9/dog9-090-000.png
dog9/dog9-090-022.png
dog9/dog9-090-045.png
dog9/dog9-090-068.png
dog9/dog9-090-090.png
dog9/dog9-090-112.png
dog9/dog9-090-135.png
dog9/dog9-090-158.png
dog9/dog9-090-180.png
dog9/dog9-090-202.png
dog9/dog9-090-225.png
dog9/dog9-090-248.png
dog9/dog9-090-270.png
dog9/dog9-090-292.png
dog9/dog9-090-315.png
dog9/dog9-090-338.png
horse1/horse1-000-000.png
horse1/horse1-022-000.png
horse1/horse1-022-090.png
horse1/horse1-022-180.png
horse1/horse1-022-270.png
horse1/horse1-035-045.png
horse1/horse1-035-135.png
horse1/horse1-035-225.png
horse1/horse1-035-315.png
horse1/horse1-045-000.png
horse1/horse1-045-090.png
horse1/horse1-045-180.png
horse1/horse1-045-270.png
horse1/horse1-066-027.png
horse1/horse1-066-063.png
horse1/horse1-066-117.png
horse1/horse1-066-153.png
horse1/horse1-066-207.png
horse1/horse1-066-243.png
horse1/horse1-066-297.png
horse1/horse1-066-333.png
horse1/horse1-068-000.png
horse1/horse1-068-090.png
horse1/horse1-068-180.png
horse1/horse1-068-270.png
horse1/horse1-090-000.png
horse1/horse1-090-022.png
horse1/horse1-090-045.png
horse1/horse1-090-068.png
horse1/horse1-090-090.png
horse1/horse1-090-112.png
horse1/horse1-090-135.png
horse1/horse1-090-158.png
horse1/horse1-090-180.png
horse1/horse1-090-202.png
horse1/horse1-090-225.png
horse1/horse1-090-248.png
horse1/horse1-090-270.png
horse1/horse1-090-292.png
horse1/horse1-090-315.png
horse1/horse1-090-338.png
horse10/horse10-000-000.png
horse10/horse10-022-000.png
horse10/horse10-022-090.png
horse10/horse10-022-180.png
horse10/horse10-022-270.png
horse10/horse10-035-045.png
horse10/horse10-035-135.png
horse10/horse10-035-225.png
horse10/horse10-035-315.png
horse10/horse10-045-000.png
horse10/horse10-045-090.png
horse10/horse10-045-180.png
horse10/horse10-045-270.png
horse10/horse10-066-027.png
horse10/horse10-066-063.png
horse10/horse10-066-117.png
horse10/horse10-066-153.png
horse10/horse10-066-207.png
horse10/horse10-066-243.png
horse10/horse10-066-297.png
horse10/horse10-066-333.png
horse10/horse10-068-000.png
horse10/horse10-068-090.png
horse10/horse10-068-180.png
horse10/horse10-068-270.png
horse10/horse10-090-000.png
horse10/horse10-090-022.png
horse10/horse10-090-045.png
horse10/horse10-090-068.png
horse10/horse10-090-090.png
horse10/horse10-090-112.png
horse10/horse10-090-135.png
horse10/horse10-090-158.png
horse10/horse10-090-180.png
horse10/horse10-090-202.png
horse10/horse10-090-225.png
horse10/horse10-090-248.png
horse10/horse10-090-270.png
horse10/horse10-090-292.png
horse10/horse10-090-315.png
horse10/horse10-090-338.png
horse2/horse2-000-000.png
horse2/horse2-022-000.png
horse2/horse2-022-090.png
horse2/horse2-022-180.png
horse2/horse2-022-270.png
horse2/horse2-035-045.png
horse2/horse2-035-135.png
horse2/horse2-035-225.png
horse2/horse2-035-315.png
horse2/horse2-045-000.png
horse2/horse2-045-090.png
horse2/horse2-045-180.png
horse2/horse2-045-270.png
horse2/horse2-066-027.png
horse2/horse2-066-063.png
horse2/horse2-066-117.png
horse2/horse2-066-153.png
horse2/horse2-066-207.png
horse2/horse2-066-243.png
horse2/horse2-066-297.png
horse2/horse2-066-333.png
horse2/horse2-068-000.png
horse2/horse2-068-090.png
horse2/horse2-068-180.png
horse2/horse2-068-270.png
horse2/horse2-090-000.png
horse2/horse2-090-022.png
horse2/horse2-090-045.png
horse2/horse2-090-068.png
horse2/horse2-090-090.png
horse2/horse2-090-112.png
horse2/horse2-090-135.png
horse2/horse2-090-158.png
horse2/horse2-090-180.png
horse2/horse2-090-202.png
horse2/horse2-090-225.png
horse2/horse2-090-248.png
horse2/horse2-090-270.png
horse2/horse2-090-292.png
horse2/horse2-090-315.png
horse2/horse2-090-338.png
horse3/horse3-000-000.png
horse3/horse3-022-000.png
horse3/horse3-022-090.png
horse3/horse3-022-180.png
horse3/horse3-022-270.png
horse3/horse3-035-045.png
horse3/horse3-035-135.png
horse3/horse3-035-225.png
horse3/horse3-035-315.png
horse3/horse3-045-000.png
horse3/horse3-045-090.png
horse3/horse3-045-180.png
horse3/horse3-045-270.png
horse3/horse3-066-027.png
horse3/horse3-066-063.png
horse3/horse3-066-117.png
horse3/horse3-066-153.png
horse3/horse3-066-207.png
horse3/horse3-066-243.png
horse3/horse3-066-297.png
horse3/horse3-066-333.png
horse3/horse3-068-000.png
horse3/horse3-068-090.png
horse3/horse3-068-180.png
horse3/horse3-068-270.png
horse3/horse3-090-000.png
horse3/horse3-090-022.png
horse3/horse3-090-045.png
horse3/horse3-090-068.png
horse3/horse3-090-090.png
horse3/horse3-090-112.png
horse3/horse3-090-135.png
horse3/horse3-090-158.png
horse3/horse3-090-180.png
horse3/horse3-090-202.png
horse3/horse3-090-225.png
horse3/horse3-090-248.png
horse3/horse3-090-270.png
horse3/horse3-090-292.png
horse3/horse3-090-315.png
horse3/horse3-090-338.png
horse4/horse4-000-000.png
horse4/horse4-022-000.png
horse4/horse4-022-090.png
horse4/horse4-022-180.png
horse4/horse4-022-270.png
horse4/horse4-035-045.png
horse4/horse4-035-135.png
horse4/horse4-035-225.png
horse4/horse4-035-315.png
horse4/horse4-045-000.png
horse4/horse4-045-090.png
horse4/horse4-045-180.png
horse4/horse4-045-270.png
horse4/horse4-066-027.png
horse4/horse4-066-063.png
horse4/horse4-066-117.png
horse4/horse4-066-153.png
horse4/horse4-066-207.png
horse4/horse4-066-243.png
horse4/horse4-066-297.png
horse4/horse4-066-333.png
horse4/horse4-068-000.png
horse4/horse4-068-090.png
horse4/horse4-068-180.png
horse4/horse4-068-270.png
horse4/horse4-090-000.png
horse4/horse4-090-022.png
horse4/horse4-090-045.png
horse4/horse4-090-068.png
horse4/horse4-090-090.png
horse4/horse4-090-112.png
horse4/horse4-090-135.png
horse4/horse4-090-158.png
horse4/horse4-090-180.png
horse4/horse4-090-202.png
horse4/horse4-090-225.png
horse4/horse4-090-248.png
horse4/horse4-090-270.png
horse4/horse4-090-292.png
horse4/horse4-090-315.png
horse4/horse4-090-338.png
horse5/horse5-000-000.png
horse5/horse5-022-000.png
horse5/horse5-022-090.png
horse5/horse5-022-180.png
horse5/horse5-022-270.png
horse5/horse5-035-045.png
horse5/horse5-035-135.png
horse5/horse5-035-225.png
horse5/horse5-035-315.png
horse5/horse5-045-000.png
horse5/horse5-045-090.png
horse5/horse5-045-180.png
horse5/horse5-045-270.png
horse5/horse5-066-027.png
horse5/horse5-066-063.png
horse5/horse5-066-117.png
horse5/horse5-066-153.png
horse5/horse5-066-207.png
horse5/horse5-066-243.png
horse5/horse5-066-297.png
horse5/horse5-066-333.png
horse5/horse5-068-000.png
horse5/horse5-068-090.png
horse5/horse5-068-180.png
horse5/horse5-068-270.png
horse5/horse5-090-000.png
horse5/horse5-090-022.png
horse5/horse5-090-045.png
horse5/horse5-090-068.png
horse5/horse5-090-090.png
horse5/horse5-090-112.png
horse5/horse5-090-135.png
horse5/horse5-090-158.png
horse5/horse5-090-180.png
horse5/horse5-090-202.png
horse5/horse5-090-225.png
horse5/horse5-090-248.png
horse5/horse5-090-270.png
horse5/horse5-090-292.png
horse5/horse5-090-315.png
horse5/horse5-090-338.png
horse6/horse6-000-000.png
horse6/horse6-022-000.png
horse6/horse6-022-090.png
horse6/horse6-022-180.png
horse6/horse6-022-270.png
horse6/horse6-035-045.png
horse6/horse6-035-135.png
horse6/horse6-035-225.png
horse6/horse6-035-315.png
horse6/horse6-045-000.png
horse6/horse6-045-090.png
horse6/horse6-045-180.png
horse6/horse6-045-270.png
horse6/horse6-066-027.png
horse6/horse6-066-063.png
horse6/horse6-066-117.png
horse6/horse6-066-153.png
horse6/horse6-066-207.png
horse6/horse6-066-243.png
horse6/horse6-066-297.png
horse6/horse6-066-333.png
horse6/horse6-068-000.png
horse6/horse6-068-090.png
horse6/horse6-068-180.png
horse6/horse6-068-270.png
horse6/horse6-090-000.png
horse6/horse6-090-022.png
horse6/horse6-090-045.png
horse6/horse6-090-068.png
horse6/horse6-090-090.png
horse6/horse6-090-112.png
horse6/horse6-090-135.png
horse6/horse6-090-158.png
horse6/horse6-090-180.png
horse6/horse6-090-202.png
horse6/horse6-090-225.png
horse6/horse6-090-248.png
horse6/horse6-090-270.png
horse6/horse6-090-292.png
horse6/horse6-090-315.png
horse6/horse6-090-338.png
horse7/horse7-000-000.png
horse7/horse7-022-000.png
horse7/horse7-022-090.png
horse7/horse7-022-180.png
horse7/horse7-022-270.png
horse7/horse7-035-045.png
horse7/horse7-035-135.png
horse7/horse7-035-225.png
horse7/horse7-035-315.png
horse7/horse7-045-000.png
horse7/horse7-045-090.png
horse7/horse7-045-180.png
horse7/horse7-045-270.png
horse7/horse7-066-027.png
horse7/horse7-066-063.png
horse7/horse7-066-117.png
horse7/horse7-066-153.png
horse7/horse7-066-207.png
horse7/horse7-066-243.png
horse7/horse7-066-297.png
horse7/horse7-066-333.png
horse7/horse7-068-000.png
horse7/horse7-068-090.png
horse7/horse7-068-180.png
horse7/horse7-068-270.png
horse7/horse7-090-000.png
horse7/horse7-090-022.png
horse7/horse7-090-045.png
horse7/horse7-090-068.png
horse7/horse7-090-090.png
horse7/horse7-090-112.png
horse7/horse7-090-135.png
horse7/horse7-090-158.png
horse7/horse7-090-180.png
horse7/horse7-090-202.png
horse7/horse7-090-225.png
horse7/horse7-090-248.png
horse7/horse7-090-270.png
horse7/horse7-090-292.png
horse7/horse7-090-315.png
horse7/horse7-090-338.png
horse8/horse8-000-000.png
horse8/horse8-022-000.png
horse8/horse8-022-090.png
horse8/horse8-022-180.png
horse8/horse8-022-270.png
horse8/horse8-035-045.png
horse8/horse8-035-135.png
horse8/horse8-035-225.png
horse8/horse8-035-315.png
horse8/horse8-045-000.png
horse8/horse8-045-090.png
horse8/horse8-045-180.png
horse8/horse8-045-270.png
horse8/horse8-066-027.png
horse8/horse8-066-063.png
horse8/horse8-066-117.png
horse8/horse8-066-153.png
horse8/horse8-066-207.png
horse8/horse8-066-243.png
horse8/horse8-066-297.png
horse8/horse8-066-333.png
horse8/horse8-068-000.png
horse8/horse8-068-090.png
horse8/horse8-068-180.png
horse8/horse8-068-270.png
horse8/horse8-090-000.png
horse8/horse8-090-022.png
horse8/horse8-090-045.png
horse8/horse8-090-068.png
horse8/horse8-090-090.png
horse8/horse8-090-112.png
horse8/horse8-090-135.png
horse8/horse8-090-158.png
horse8/horse8-090-180.png
horse8/horse8-090-202.png
horse8/horse8-090-225.png
horse8/horse8-090-248.png
horse8/horse8-090-270.png
horse8/horse8-090-292.png
horse8/horse8-090-315.png
horse8/horse8-090-338.png
horse9/horse9-000-000.png
horse9/horse9-022-000.png
horse9/horse9-022-090.png
horse9/horse9-022-180.png
horse9/horse9-022-270.png
horse9/horse9-035-045.png
horse9/horse9-035-135.png
horse9/horse9-035-225.png
horse9/horse9-035-315.png
horse9/horse9-045-000.png
horse9/horse9-045-090.png
horse9/horse9-045-180.png
horse9/horse9-045-270.png
horse9/horse9-066-027.png
horse9/horse9-066-063.png
horse9/horse9-066-117.png
horse9/horse9-066-153.png
horse9/horse9-066-207.png
horse9/horse9-066-243.png
horse9/horse9-066-297.png
horse9/horse9-066-333.png
horse9/horse9-068-000.png
horse9/horse9-068-090.png
horse9/horse9-068-180.png
horse9/horse9-068-270.png
horse9/horse9-090-000.png
horse9/horse9-090-022.png
horse9/horse9-090-045.png
horse9/horse9-090-068.png
horse9/horse9-090-090.png
horse9/horse9-090-112.png
horse9/horse9-090-135.png
horse9/horse9-090-158.png
horse9/horse9-090-180.png
horse9/horse9-090-202.png
horse9/horse9-090-225.png
horse9/horse9-090-248.png
horse9/horse9-090-270.png
horse9/horse9-090-292.png
horse9/horse9-090-315.png
horse9/horse9-090-338.png
pear1/pear1-000-000.png
pear1/pear1-022-000.png
pear1/pear1-022-090.png
pear1/pear1-022-180.png
pear1/pear1-022-270.png
pear1/pear1-035-045.png
pear1/pear1-035-135.png
pear1/pear1-035-225.png
pear1/pear1-035-315.png
pear1/pear1-045-000.png
pear1/pear1-045-090.png
pear1/pear1-045-180.png
pear1/pear1-045-270.png
pear1/pear1-066-027.png
pear1/pear1-066-063.png
pear1/pear1-066-117.png
pear1/pear1-066-153.png
pear1/pear1-066-207.png
pear1/pear1-066-243.png
pear1/pear1-066-297.png
pear1/pear1-066-333.png
pear1/pear1-068-000.png
pear1/pear1-068-090.png
pear1/pear1-068-180.png
pear1/pear1-068-270.png
pear1/pear1-090-000.png
pear1/pear1-090-022.png
pear1/pear1-090-045.png
pear1/pear1-090-068.png
pear1/pear1-090-090.png
pear1/pear1-090-112.png
pear1/pear1-090-135.png
pear1/pear1-090-158.png
pear1/pear1-090-180.png
pear1/pear1-090-202.png
pear1/pear1-090-225.png
pear1/pear1-090-248.png
pear1/pear1-090-270.png
pear1/pear1-090-292.png
pear1/pear1-090-315.png
pear1/pear1-090-338.png
pear10/pear10-000-000.png
pear10/pear10-022-000.png
pear10/pear10-022-090.png
pear10/pear10-022-180.png
pear10/pear10-022-270.png
pear10/pear10-035-045.png
pear10/pear10-035-135.png
pear10/pear10-035-225.png
pear10/pear10-035-315.png
pear10/pear10-045-000.png
pear10/pear10-045-090.png
pear10/pear10-045-180.png
pear10/pear10-045-270.png
pear10/pear10-066-027.png
pear10/pear10-066-063.png
pear10/pear10-066-117.png
pear10/pear10-066-153.png
pear10/pear10-066-207.png
pear10/pear10-066-243.png
pear10/pear10-066-297.png
pear10/pear10-066-333.png
pear10/pear10-068-000.png
pear10/pear10-068-090.png
pear10/pear10-068-180.png
pear10/pear10-068-270.png
pear10/pear10-090-000.png
pear10/pear10-090-022.png
pear10/pear10-090-045.png
pear10/pear10-090-068.png
pear10/pear10-090-090.png
pear10/pear10-090-112.png
pear10/pear10-090-135.png
pear10/pear10-090-158.png
pear10/pear10-090-180.png
pear10/pear10-090-202.png
pear10/pear10-090-225.png
pear10/pear10-090-248.png
pear10/pear10-090-270.png
pear10/pear10-090-292.png
pear10/pear10-090-315.png
pear10/pear10-090-338.png
pear2/pear2-000-000.png
pear2/pear2-022-000.png
pear2/pear2-022-090.png
pear2/pear2-022-180.png
pear2/pear2-022-270.png
pear2/pear2-035-045.png
pear2/pear2-035-135.png
pear2/pear2-035-225.png
pear2/pear2-035-315.png
pear2/pear2-045-000.png
pear2/pear2-045-090.png
pear2/pear2-045-180.png
pear2/pear2-045-270.png
pear2/pear2-066-027.png
pear2/pear2-066-063.png
pear2/pear2-066-117.png
pear2/pear2-066-153.png
pear2/pear2-066-207.png
pear2/pear2-066-243.png
pear2/pear2-066-297.png
pear2/pear2-066-333.png
pear2/pear2-068-000.png
pear2/pear2-068-090.png
pear2/pear2-068-180.png
pear2/pear2-068-270.png
pear2/pear2-090-000.png
pear2/pear2-090-022.png
pear2/pear2-090-045.png
pear2/pear2-090-068.png
pear2/pear2-090-090.png
pear2/pear2-090-112.png
pear2/pear2-090-135.png
pear2/pear2-090-158.png
pear2/pear2-090-180.png
pear2/pear2-090-202.png
pear2/pear2-090-225.png
pear2/pear2-090-248.png
pear2/pear2-090-270.png
pear2/pear2-090-292.png
pear2/pear2-090-315.png
pear2/pear2-090-338.png
pear3/pear3-000-000.png
pear3/pear3-022-000.png
pear3/pear3-022-090.png
pear3/pear3-022-180.png
pear3/pear3-022-270.png
pear3/pear3-035-045.png
pear3/pear3-035-135.png
pear3/pear3-035-225.png
pear3/pear3-035-315.png
pear3/pear3-045-000.png
pear3/pear3-045-090.png
pear3/pear3-045-180.png
pear3/pear3-045-270.png
pear3/pear3-066-027.png
pear3/pear3-066-063.png
pear3/pear3-066-117.png
pear3/pear3-066-153.png
pear3/pear3-066-207.png
pear3/pear3-066-243.png
pear3/pear3-066-297.png
pear3/pear3-066-333.png
pear3/pear3-068-000.png
pear3/pear3-068-090.png
pear3/pear3-068-180.png
pear3/pear3-068-270.png
pear3/pear3-090-000.png
pear3/pear3-090-022.png
pear3/pear3-090-045.png
pear3/pear3-090-068.png
pear3/pear3-090-090.png
pear3/pear3-090-112.png
pear3/pear3-090-135.png
pear3/pear3-090-158.png
pear3/pear3-090-180.png
pear3/pear3-090-202.png
pear3/pear3-090-225.png
pear3/pear3-090-248.png
pear3/pear3-090-270.png
pear3/pear3-090-292.png
pear3/pear3-090-315.png
pear3/pear3-090-338.png
pear4/pear4-000-000.png
pear4/pear4-022-000.png
pear4/pear4-022-090.png
pear4/pear4-022-180.png
pear4/pear4-022-270.png
pear4/pear4-035-045.png
pear4/pear4-035-135.png
pear4/pear4-035-225.png
pear4/pear4-035-315.png
pear4/pear4-045-000.png
pear4/pear4-045-090.png
pear4/pear4-045-180.png
pear4/pear4-045-270.png
pear4/pear4-066-027.png
pear4/pear4-066-063.png
pear4/pear4-066-117.png
pear4/pear4-066-153.png
pear4/pear4-066-207.png
pear4/pear4-066-243.png
pear4/pear4-066-297.png
pear4/pear4-066-333.png
pear4/pear4-068-000.png
pear4/pear4-068-090.png
pear4/pear4-068-180.png
pear4/pear4-068-270.png
pear4/pear4-090-000.png
pear4/pear4-090-022.png
pear4/pear4-090-045.png
pear4/pear4-090-068.png
pear4/pear4-090-090.png
pear4/pear4-090-112.png
pear4/pear4-090-135.png
pear4/pear4-090-158.png
pear4/pear4-090-180.png
pear4/pear4-090-202.png
pear4/pear4-090-225.png
pear4/pear4-090-248.png
pear4/pear4-090-270.png
pear4/pear4-090-292.png
pear4/pear4-090-315.png
pear4/pear4-090-338.png
pear5/pear5-000-000.png
pear5/pear5-022-000.png
pear5/pear5-022-090.png
pear5/pear5-022-180.png
pear5/pear5-022-270.png
pear5/pear5-035-045.png
pear5/pear5-035-135.png
pear5/pear5-035-225.png
pear5/pear5-035-315.png
pear5/pear5-045-000.png
pear5/pear5-045-090.png
pear5/pear5-045-180.png
pear5/pear5-045-270.png
pear5/pear5-066-027.png
pear5/pear5-066-063.png
pear5/pear5-066-117.png
pear5/pear5-066-153.png
pear5/pear5-066-207.png
pear5/pear5-066-243.png
pear5/pear5-066-297.png
pear5/pear5-066-333.png
pear5/pear5-068-000.png
pear5/pear5-068-090.png
pear5/pear5-068-180.png
pear5/pear5-068-270.png
pear5/pear5-090-000.png
pear5/pear5-090-022.png
pear5/pear5-090-045.png
pear5/pear5-090-068.png
pear5/pear5-090-090.png
pear5/pear5-090-112.png
pear5/pear5-090-135.png
pear5/pear5-090-158.png
pear5/pear5-090-180.png
pear5/pear5-090-202.png
pear5/pear5-090-225.png
pear5/pear5-090-248.png
pear5/pear5-090-270.png
pear5/pear5-090-292.png
pear5/pear5-090-315.png
pear5/pear5-090-338.png
pear6/pear6-000-000.png
pear6/pear6-022-000.png
pear6/pear6-022-090.png
pear6/pear6-022-180.png
pear6/pear6-022-270.png
pear6/pear6-035-045.png
pear6/pear6-035-135.png
pear6/pear6-035-225.png
pear6/pear6-035-315.png
pear6/pear6-045-000.png
pear6/pear6-045-090.png
pear6/pear6-045-180.png
pear6/pear6-045-270.png
pear6/pear6-066-027.png
pear6/pear6-066-063.png
pear6/pear6-066-117.png
pear6/pear6-066-153.png
pear6/pear6-066-207.png
pear6/pear6-066-243.png
pear6/pear6-066-297.png
pear6/pear6-066-333.png
pear6/pear6-068-000.png
pear6/pear6-068-090.png
pear6/pear6-068-180.png
pear6/pear6-068-270.png
pear6/pear6-090-000.png
pear6/pear6-090-022.png
pear6/pear6-090-045.png
pear6/pear6-090-068.png
pear6/pear6-090-090.png
pear6/pear6-090-112.png
pear6/pear6-090-135.png
pear6/pear6-090-158.png
pear6/pear6-090-180.png
pear6/pear6-090-202.png
pear6/pear6-090-225.png
pear6/pear6-090-248.png
pear6/pear6-090-270.png
pear6/pear6-090-292.png
pear6/pear6-090-315.png
pear6/pear6-090-338.png
pear7/pear7-000-000.png
pear7/pear7-022-000.png
pear7/pear7-022-090.png
pear7/pear7-022-180.png
pear7/pear7-022-270.png
pear7/pear7-035-045.png
pear7/pear7-035-135.png
pear7/pear7-035-225.png
pear7/pear7-035-315.png
pear7/pear7-045-000.png
pear7/pear7-045-090.png
pear7/pear7-045-180.png
pear7/pear7-045-270.png
pear7/pear7-066-027.png
pear7/pear7-066-063.png
pear7/pear7-066-117.png
pear7/pear7-066-153.png
pear7/pear7-066-207.png
pear7/pear7-066-243.png
pear7/pear7-066-297.png
pear7/pear7-066-333.png
pear7/pear7-068-000.png
pear7/pear7-068-090.png
pear7/pear7-068-180.png
pear7/pear7-068-270.png
pear7/pear7-090-000.png
pear7/pear7-090-022.png
pear7/pear7-090-045.png
pear7/pear7-090-068.png
pear7/pear7-090-090.png
pear7/pear7-090-112.png
pear7/pear7-090-135.png
pear7/pear7-090-158.png
pear7/pear7-090-180.png
pear7/pear7-090-202.png
pear7/pear7-090-225.png
pear7/pear7-090-248.png
pear7/pear7-090-270.png
pear7/pear7-090-292.png
pear7/pear7-090-315.png
pear7/pear7-090-338.png
pear8/pear8-000-000.png
pear8/pear8-022-000.png
pear8/pear8-022-090.png
pear8/pear8-022-180.png
pear8/pear8-022-270.png
pear8/pear8-035-045.png
pear8/pear8-035-135.png
pear8/pear8-035-225.png
pear8/pear8-035-315.png
pear8/pear8-045-000.png
pear8/pear8-045-090.png
pear8/pear8-045-180.png
pear8/pear8-045-270.png
pear8/pear8-066-027.png
pear8/pear8-066-063.png
pear8/pear8-066-117.png
pear8/pear8-066-153.png
pear8/pear8-066-207.png
pear8/pear8-066-243.png
pear8/pear8-066-297.png
pear8/pear8-066-333.png
pear8/pear8-068-000.png
pear8/pear8-068-090.png
pear8/pear8-068-180.png
pear8/pear8-068-270.png
pear8/pear8-090-000.png
pear8/pear8-090-022.png
pear8/pear8-090-045.png
pear8/pear8-090-068.png
pear8/pear8-090-090.png
pear8/pear8-090-112.png
pear8/pear8-090-135.png
pear8/pear8-090-158.png
pear8/pear8-090-180.png
pear8/pear8-090-202.png
pear8/pear8-090-225.png
pear8/pear8-090-248.png
pear8/pear8-090-270.png
pear8/pear8-090-292.png
pear8/pear8-090-315.png
pear8/pear8-090-338.png
pear9/pear9-000-000.png
pear9/pear9-022-000.png
pear9/pear9-022-090.png
pear9/pear9-022-180.png
pear9/pear9-022-270.png
pear9/pear9-035-045.png
pear9/pear9-035-135.png
pear9/pear9-035-225.png
pear9/pear9-035-315.png
pear9/pear9-045-000.png
pear9/pear9-045-090.png
pear9/pear9-045-180.png
pear9/pear9-045-270.png
pear9/pear9-066-027.png
pear9/pear9-066-063.png
pear9/pear9-066-117.png
pear9/pear9-066-153.png
pear9/pear9-066-207.png
pear9/pear9-066-243.png
pear9/pear9-066-297.png
pear9/pear9-066-333.png
pear9/pear9-068-000.png
pear9/pear9-068-090.png
pear9/pear9-068-180.png
pear9/pear9-068-270.png
pear9/pear9-090-000.png
pear9/pear9-090-022.png
pear9/pear9-090-045.png
pear9/pear9-090-068.png
pear9/pear9-090-090.png
pear9/pear9-090-112.png
pear9/pear9-090-135.png
pear9/pear9-090-158.png
pear9/pear9-090-180.png
pear9/pear9-090-202.png
pear9/pear9-090-225.png
pear9/pear9-090-248.png
pear9/pear9-090-270.png
pear9/pear9-090-292.png
pear9/pear9-090-315.png
pear9/pear9-090-338.png
tomato1/tomato1-000-000.png
tomato1/tomato1-022-000.png
tomato1/tomato1-022-090.png
tomato1/tomato1-022-180.png
tomato1/tomato1-022-270.png
tomato1/tomato1-035-045.png
tomato1/tomato1-035-135.png
tomato1/tomato1-035-225.png
tomato1/tomato1-035-315.png
tomato1/tomato1-045-000.png
tomato1/tomato1-045-090.png
tomato1/tomato1-045-180.png
tomato1/tomato1-045-270.png
tomato1/tomato1-066-027.png
tomato1/tomato1-066-063.png
tomato1/tomato1-066-117.png
tomato1/tomato1-066-153.png
tomato1/tomato1-066-207.png
tomato1/tomato1-066-243.png
tomato1/tomato1-066-297.png
tomato1/tomato1-066-333.png
tomato1/tomato1-068-000.png
tomato1/tomato1-068-090.png
tomato1/tomato1-068-180.png
tomato1/tomato1-068-270.png
tomato1/tomato1-090-000.png
tomato1/tomato1-090-022.png
tomato1/tomato1-090-045.png
tomato1/tomato1-090-068.png
tomato1/tomato1-090-090.png
tomato1/tomato1-090-112.png
tomato1/tomato1-090-135.png
tomato1/tomato1-090-158.png
tomato1/tomato1-090-180.png
tomato1/tomato1-090-202.png
tomato1/tomato1-090-225.png
tomato1/tomato1-090-248.png
tomato1/tomato1-090-270.png
tomato1/tomato1-090-292.png
tomato1/tomato1-090-315.png
tomato1/tomato1-090-338.png
tomato10/tomato10-000-000.png
tomato10/tomato10-022-000.png
tomato10/tomato10-022-090.png
tomato10/tomato10-022-180.png
tomato10/tomato10-022-270.png
tomato10/tomato10-035-045.png
tomato10/tomato10-035-135.png
tomato10/tomato10-035-225.png
tomato10/tomato10-035-315.png
tomato10/tomato10-045-000.png
tomato10/tomato10-045-090.png
tomato10/tomato10-045-180.png
tomato10/tomato10-045-270.png
tomato10/tomato10-066-027.png
tomato10/tomato10-066-063.png
tomato10/tomato10-066-117.png
tomato10/tomato10-066-153.png
tomato10/tomato10-066-207.png
tomato10/tomato10-066-243.png
tomato10/tomato10-066-297.png
tomato10/tomato10-066-333.png
tomato10/tomato10-068-000.png
tomato10/tomato10-068-090.png
tomato10/tomato10-068-180.png
tomato10/tomato10-068-270.png
tomato10/tomato10-090-000.png
tomato10/tomato10-090-022.png
tomato10/tomato10-090-045.png
tomato10/tomato10-090-068.png
tomato10/tomato10-090-090.png
tomato10/tomato10-090-112.png
tomato10/tomato10-090-135.png
tomato10/tomato10-090-158.png
tomato10/tomato10-090-180.png
tomato10/tomato10-090-202.png
tomato10/tomato10-090-225.png
tomato10/tomato10-090-248.png
tomato10/tomato10-090-270.png
tomato10/tomato10-090-292.png
tomato10/tomato10-090-315.png
tomato10/tomato10-090-338.png
tomato2/tomato2-000-000.png
tomato2/tomato2-022-000.png
tomato2/tomato2-022-090.png
tomato2/tomato2-022-180.png
tomato2/tomato2-022-270.png
tomato2/tomato2-035-045.png
tomato2/tomato2-035-135.png
tomato2/tomato2-035-225.png
tomato2/tomato2-035-315.png
tomato2/tomato2-045-000.png
tomato2/tomato2-045-090.png
tomato2/tomato2-045-180.png
tomato2/tomato2-045-270.png
tomato2/tomato2-066-027.png
tomato2/tomato2-066-063.png
tomato2/tomato2-066-117.png
tomato2/tomato2-066-153.png
tomato2/tomato2-066-207.png
tomato2/tomato2-066-243.png
tomato2/tomato2-066-297.png
tomato2/tomato2-066-333.png
tomato2/tomato2-068-000.png
tomato2/tomato2-068-090.png
tomato2/tomato2-068-180.png
tomato2/tomato2-068-270.png
tomato2/tomato2-090-000.png
tomato2/tomato2-090-022.png
tomato2/tomato2-090-045.png
tomato2/tomato2-090-068.png
tomato2/tomato2-090-090.png
tomato2/tomato2-090-112.png
tomato2/tomato2-090-135.png
tomato2/tomato2-090-158.png
tomato2/tomato2-090-180.png
tomato2/tomato2-090-202.png
tomato2/tomato2-090-225.png
tomato2/tomato2-090-248.png
tomato2/tomato2-090-270.png
tomato2/tomato2-090-292.png
tomato2/tomato2-090-315.png
tomato2/tomato2-090-338.png
tomato3/tomato3-000-000.png
tomato3/tomato3-022-000.png
tomato3/tomato3-022-090.png
tomato3/tomato3-022-180.png
tomato3/tomato3-022-270.png
tomato3/tomato3-035-045.png
tomato3/tomato3-035-135.png
tomato3/tomato3-035-225.png
tomato3/tomato3-035-315.png
tomato3/tomato3-045-000.png
tomato3/tomato3-045-090.png
tomato3/tomato3-045-180.png
tomato3/tomato3-045-270.png
tomato3/tomato3-066-027.png
tomato3/tomato3-066-063.png
tomato3/tomato3-066-117.png
tomato3/tomato3-066-153.png
tomato3/tomato3-066-207.png
tomato3/tomato3-066-243.png
tomato3/tomato3-066-297.png
tomato3/tomato3-066-333.png
tomato3/tomato3-068-000.png
tomato3/tomato3-068-090.png
tomato3/tomato3-068-180.png
tomato3/tomato3-068-270.png
tomato3/tomato3-090-000.png
tomato3/tomato3-090-022.png
tomato3/tomato3-090-045.png
tomato3/tomato3-090-068.png
tomato3/tomato3-090-090.png
tomato3/tomato3-090-112.png
tomato3/tomato3-090-135.png
tomato3/tomato3-090-158.png
tomato3/tomato3-090-180.png
tomato3/tomato3-090-202.png
tomato3/tomato3-090-225.png
tomato3/tomato3-090-248.png
tomato3/tomato3-090-270.png
tomato3/tomato3-090-292.png
tomato3/tomato3-090-315.png
tomato3/tomato3-090-338.png
tomato4/tomato4-000-000.png
tomato4/tomato4-022-000.png
tomato4/tomato4-022-090.png
tomato4/tomato4-022-180.png
tomato4/tomato4-022-270.png
tomato4/tomato4-035-045.png
tomato4/tomato4-035-135.png
tomato4/tomato4-035-225.png
tomato4/tomato4-035-315.png
tomato4/tomato4-045-000.png
tomato4/tomato4-045-090.png
tomato4/tomato4-045-180.png
tomato4/tomato4-045-270.png
tomato4/tomato4-066-027.png
tomato4/tomato4-066-063.png
tomato4/tomato4-066-117.png
tomato4/tomato4-066-153.png
tomato4/tomato4-066-207.png
tomato4/tomato4-066-243.png
tomato4/tomato4-066-297.png
tomato4/tomato4-066-333.png
tomato4/tomato4-068-000.png
tomato4/tomato4-068-090.png
tomato4/tomato4-068-180.png
tomato4/tomato4-068-270.png
tomato4/tomato4-090-000.png
tomato4/tomato4-090-022.png
tomato4/tomato4-090-045.png
tomato4/tomato4-090-068.png
tomato4/tomato4-090-090.png
tomato4/tomato4-090-112.png
tomato4/tomato4-090-135.png
tomato4/tomato4-090-158.png
tomato4/tomato4-090-180.png
tomato4/tomato4-090-202.png
tomato4/tomato4-090-225.png
tomato4/tomato4-090-248.png
tomato4/tomato4-090-270.png
tomato4/tomato4-090-292.png
tomato4/tomato4-090-315.png
tomato4/tomato4-090-338.png
tomato5/tomato5-000-000.png
tomato5/tomato5-022-000.png
tomato5/tomato5-022-090.png
tomato5/tomato5-022-180.png
tomato5/tomato5-022-270.png
tomato5/tomato5-035-045.png
tomato5/tomato5-035-135.png
tomato5/tomato5-035-225.png
tomato5/tomato5-035-315.png
tomato5/tomato5-045-000.png
tomato5/tomato5-045-090.png
tomato5/tomato5-045-180.png
tomato5/tomato5-045-270.png
tomato5/tomato5-066-027.png
tomato5/tomato5-066-063.png
tomato5/tomato5-066-117.png
tomato5/tomato5-066-153.png
tomato5/tomato5-066-207.png
tomato5/tomato5-066-243.png
tomato5/tomato5-066-297.png
tomato5/tomato5-066-333.png
tomato5/tomato5-068-000.png
tomato5/tomato5-068-090.png
tomato5/tomato5-068-180.png
tomato5/tomato5-068-270.png
tomato5/tomato5-090-000.png
tomato5/tomato5-090-022.png
tomato5/tomato5-090-045.png
tomato5/tomato5-090-068.png
tomato5/tomato5-090-090.png
tomato5/tomato5-090-112.png
tomato5/tomato5-090-135.png
tomato5/tomato5-090-158.png
tomato5/tomato5-090-180.png
tomato5/tomato5-090-202.png
tomato5/tomato5-090-225.png
tomato5/tomato5-090-248.png
tomato5/tomato5-090-270.png
tomato5/tomato5-090-292.png
tomato5/tomato5-090-315.png
tomato5/tomato5-090-338.png
tomato6/tomato6-000-000.png
tomato6/tomato6-022-000.png
tomato6/tomato6-022-090.png
tomato6/tomato6-022-180.png
tomato6/tomato6-022-270.png
tomato6/tomato6-035-045.png
tomato6/tomato6-035-135.png
tomato6/tomato6-035-225.png
tomato6/tomato6-035-315.png
tomato6/tomato6-045-000.png
tomato6/tomato6-045-090.png
tomato6/tomato6-045-180.png
tomato6/tomato6-045-270.png
tomato6/tomato6-066-027.png
tomato6/tomato6-066-063.png
tomato6/tomato6-066-117.png
tomato6/tomato6-066-153.png
tomato6/tomato6-066-207.png
tomato6/tomato6-066-243.png
tomato6/tomato6-066-297.png
tomato6/tomato6-066-333.png
tomato6/tomato6-068-000.png
tomato6/tomato6-068-090.png
tomato6/tomato6-068-180.png
tomato6/tomato6-068-270.png
tomato6/tomato6-090-000.png
tomato6/tomato6-090-022.png
tomato6/tomato6-090-045.png
tomato6/tomato6-090-068.png
tomato6/tomato6-090-090.png
tomato6/tomato6-090-112.png
tomato6/tomato6-090-135.png
tomato6/tomato6-090-158.png
tomato6/tomato6-090-180.png
tomato6/tomato6-090-202.png
tomato6/tomato6-090-225.png
tomato6/tomato6-090-248.png
tomato6/tomato6-090-270.png
tomato6/tomato6-090-292.png
tomato6/tomato6-090-315.png
tomato6/tomato6-090-338.png
tomato7/tomato7-000-000.png
tomato7/tomato7-022-000.png
tomato7/tomato7-022-090.png
tomato7/tomato7-022-180.png
tomato7/tomato7-022-270.png
tomato7/tomato7-035-045.png
tomato7/tomato7-035-135.png
tomato7/tomato7-035-225.png
tomato7/tomato7-035-315.png
tomato7/tomato7-045-000.png
tomato7/tomato7-045-090.png
tomato7/tomato7-045-180.png
tomato7/tomato7-045-270.png
tomato7/tomato7-066-027.png
tomato7/tomato7-066-063.png
tomato7/tomato7-066-117.png
tomato7/tomato7-066-153.png
tomato7/tomato7-066-207.png
tomato7/tomato7-066-243.png
tomato7/tomato7-066-297.png
tomato7/tomato7-066-333.png
tomato7/tomato7-068-000.png
tomato7/tomato7-068-090.png
tomato7/tomato7-068-180.png
tomato7/tomato7-068-270.png
tomato7/tomato7-090-000.png
tomato7/tomato7-090-022.png
tomato7/tomato7-090-045.png
tomato7/tomato7-090-068.png
tomato7/tomato7-090-090.png
tomato7/tomato7-090-112.png
tomato7/tomato7-090-135.png
tomato7/tomato7-090-158.png
tomato7/tomato7-090-180.png
tomato7/tomato7-090-202.png
tomato7/tomato7-090-225.png
tomato7/tomato7-090-248.png
tomato7/tomato7-090-270.png
tomato7/tomato7-090-292.png
tomato7/tomato7-090-315.png
tomato7/tomato7-090-338.png
tomato8/tomato8-000-000.png
tomato8/tomato8-022-000.png
tomato8/tomato8-022-090.png
tomato8/tomato8-022-180.png
tomato8/tomato8-022-270.png
tomato8/tomato8-035-045.png
tomato8/tomato8-035-135.png
tomato8/tomato8-035-225.png
tomato8/tomato8-035-315.png
tomato8/tomato8-045-000.png
tomato8/tomato8-045-090.png
tomato8/tomato8-045-180.png
tomato8/tomato8-045-270.png
tomato8/tomato8-066-027.png
tomato8/tomato8-066-063.png
tomato8/tomato8-066-117.png
tomato8/tomato8-066-153.png
tomato8/tomato8-066-207.png
tomato8/tomato8-066-243.png
tomato8/tomato8-066-297.png
tomato8/tomato8-066-333.png
tomato8/tomato8-068-000.png
tomato8/tomato8-068-090.png
tomato8/tomato8-068-180.png
tomato8/tomato8-068-270.png
tomato8/tomato8-090-000.png
tomato8/tomato8-090-022.png
tomato8/tomato8-090-045.png
tomato8/tomato8-090-068.png
tomato8/tomato8-090-090.png
tomato8/tomato8-090-112.png
tomato8/tomato8-090-135.png
tomato8/tomato8-090-158.png
tomato8/tomato8-090-180.png
tomato8/tomato8-090-202.png
tomato8/tomato8-090-225.png
tomato8/tomato8-090-248.png
tomato8/tomato8-090-270.png
tomato8/tomato8-090-292.png
tomato8/tomato8-090-315.png
tomato8/tomato8-090-338.png
tomato9/tomato9-000-000.png
tomato9/tomato9-022-000.png
tomato9/tomato9-022-090.png
tomato9/tomato9-022-180.png
tomato9/tomato9-022-270.png
tomato9/tomato9-035-045.png
tomato9/tomato9-035-135.png
tomato9/tomato9-035-225.png
tomato9/tomato9-035-315.png
tomato9/tomato9-045-000.png
tomato9/tomato9-045-090.png
tomato9/tomato9-045-180.png
tomato9/tomato9-045-270.png
tomato9/tomato9-066-027.png
tomato9/tomato9-066-063.png
tomato9/tomato9-066-117.png
tomato9/tomato9-066-153.png
tomato9/tomato9-066-207.png
tomato9/tomato9-066-243.png
tomato9/tomato9-066-297.png
tomato9/tomato9-066-333.png
tomato9/tomato9-068-000.png
tomato9/tomato9-068-090.png
tomato9/tomato9-068-180.png
tomato9/tomato9-068-270.png
tomato9/tomato9-090-000.png
tomato9/tomato9-090-022.png
tomato9/tomato9-090-045.png
tomato9/tomato9-090-068.png
tomato9/tomato9-090-090.png
tomato9/tomato9-090-112.png
tomato9/tomato9-090-135.png
tomato9/tomato9-090-158.png
tomato9/tomato9-090-180.png
tomato9/tomato9-090-202.png
tomato9/tomato9-090-225.png
tomato9/tomato9-090-248.png
tomato9/tomato9-090-270.png
tomato9/tomato9-090-292.png
tomato9/tomato9-090-315.png
tomato9/tomato9-090-338.png
